mode: atomic
github.com/sajimenezher_meli/meli-frescos-8/internal/container/container.go:43.65,44.29 1 0
github.com/sajimenezher_meli/meli-frescos-8/internal/container/container.go:44.29,45.37 1 0
github.com/sajimenezher_meli/meli-frescos-8/internal/container/container.go:45.37,47.4 1 0
github.com/sajimenezher_meli/meli-frescos-8/internal/container/container.go:49.2,49.12 1 0
github.com/sajimenezher_meli/meli-frescos-8/internal/container/container.go:52.56,73.52 4 0
github.com/sajimenezher_meli/meli-frescos-8/internal/container/container.go:73.52,75.3 1 0
github.com/sajimenezher_meli/meli-frescos-8/internal/container/container.go:77.2,77.23 1 0
github.com/sajimenezher_meli/meli-frescos-8/internal/container/container.go:80.55,86.2 5 0
github.com/sajimenezher_meli/meli-frescos-8/internal/container/container.go:88.52,93.2 4 0
github.com/sajimenezher_meli/meli-frescos-8/internal/container/container.go:95.56,100.2 4 0
github.com/sajimenezher_meli/meli-frescos-8/internal/container/container.go:102.53,107.2 4 0
github.com/sajimenezher_meli/meli-frescos-8/internal/container/container.go:108.55,113.2 4 0
github.com/sajimenezher_meli/meli-frescos-8/internal/container/container.go:115.54,124.2 7 0
github.com/sajimenezher_meli/meli-frescos-8/internal/container/container.go:126.54,132.2 5 0
github.com/sajimenezher_meli/meli-frescos-8/internal/container/container.go:134.60,147.2 8 0
github.com/sajimenezher_meli/meli-frescos-8/internal/container/container.go:149.59,161.2 9 0
github.com/sajimenezher_meli/meli-frescos-8/internal/container/container.go:163.60,171.2 6 0
github.com/sajimenezher_meli/meli-frescos-8/internal/container/container.go:172.52,178.2 5 0
github.com/sajimenezher_meli/meli-frescos-8/internal/container/container.go:179.59,185.2 5 0
github.com/sajimenezher_meli/meli-frescos-8/internal/application/application.go:18.43,28.16 5 0
github.com/sajimenezher_meli/meli-frescos-8/internal/application/application.go:28.16,30.3 1 0
github.com/sajimenezher_meli/meli-frescos-8/internal/application/application.go:32.2,36.68 3 0
github.com/sajimenezher_meli/meli-frescos-8/internal/application/application.go:36.68,37.55 1 0
github.com/sajimenezher_meli/meli-frescos-8/internal/config/config.go:29.27,32.16 2 0
github.com/sajimenezher_meli/meli-frescos-8/internal/config/config.go:32.16,34.3 1 0
github.com/sajimenezher_meli/meli-frescos-8/internal/config/config.go:36.2,47.3 1 0
github.com/sajimenezher_meli/meli-frescos-8/internal/tests/buyerRepository_mock.go:14.55,16.2 1 0
github.com/sajimenezher_meli/meli-frescos-8/internal/tests/buyerRepository_mock.go:18.89,21.2 2 0
github.com/sajimenezher_meli/meli-frescos-8/internal/tests/buyerRepository_mock.go:23.90,26.2 2 0
github.com/sajimenezher_meli/meli-frescos-8/internal/tests/buyerRepository_mock.go:28.77,31.2 2 0
github.com/sajimenezher_meli/meli-frescos-8/internal/tests/buyerRepository_mock.go:33.101,36.2 2 0
github.com/sajimenezher_meli/meli-frescos-8/internal/tests/buyerRepository_mock.go:38.114,41.2 2 0
github.com/sajimenezher_meli/meli-frescos-8/internal/tests/buyerRepository_mock.go:43.68,46.2 2 0
github.com/sajimenezher_meli/meli-frescos-8/internal/tests/buyerRepository_mock.go:48.94,51.2 2 0
github.com/sajimenezher_meli/meli-frescos-8/internal/tests/buyerService_mock.go:14.49,16.2 1 0
github.com/sajimenezher_meli/meli-frescos-8/internal/tests/buyerService_mock.go:18.86,21.2 2 0
github.com/sajimenezher_meli/meli-frescos-8/internal/tests/buyerService_mock.go:23.87,26.2 2 0
github.com/sajimenezher_meli/meli-frescos-8/internal/tests/buyerService_mock.go:28.75,31.2 2 0
github.com/sajimenezher_meli/meli-frescos-8/internal/tests/buyerService_mock.go:33.98,36.2 2 0
github.com/sajimenezher_meli/meli-frescos-8/internal/tests/buyerService_mock.go:38.111,41.2 2 0
github.com/sajimenezher_meli/meli-frescos-8/internal/routes/routes.go:11.51,18.45 4 0
github.com/sajimenezher_meli/meli-frescos-8/internal/routes/routes.go:18.45,20.59 1 0
github.com/sajimenezher_meli/meli-frescos-8/internal/routes/routes.go:20.59,24.4 3 0
github.com/sajimenezher_meli/meli-frescos-8/internal/routes/routes.go:26.3,26.44 1 0
github.com/sajimenezher_meli/meli-frescos-8/internal/routes/routes.go:26.44,36.4 6 0
github.com/sajimenezher_meli/meli-frescos-8/internal/routes/routes.go:38.3,38.41 1 0
github.com/sajimenezher_meli/meli-frescos-8/internal/routes/routes.go:38.41,46.4 6 0
github.com/sajimenezher_meli/meli-frescos-8/internal/routes/routes.go:48.3,48.44 1 0
github.com/sajimenezher_meli/meli-frescos-8/internal/routes/routes.go:48.44,55.4 5 0
github.com/sajimenezher_meli/meli-frescos-8/internal/routes/routes.go:57.3,57.42 1 0
github.com/sajimenezher_meli/meli-frescos-8/internal/routes/routes.go:57.42,64.4 5 0
github.com/sajimenezher_meli/meli-frescos-8/internal/routes/routes.go:66.3,66.44 1 0
github.com/sajimenezher_meli/meli-frescos-8/internal/routes/routes.go:66.44,73.4 6 0
github.com/sajimenezher_meli/meli-frescos-8/internal/routes/routes.go:75.3,75.43 1 0
github.com/sajimenezher_meli/meli-frescos-8/internal/routes/routes.go:75.43,85.4 6 0
github.com/sajimenezher_meli/meli-frescos-8/internal/routes/routes.go:87.3,87.49 1 0
github.com/sajimenezher_meli/meli-frescos-8/internal/routes/routes.go:87.49,89.4 1 0
github.com/sajimenezher_meli/meli-frescos-8/internal/routes/routes.go:91.3,91.49 1 0
github.com/sajimenezher_meli/meli-frescos-8/internal/routes/routes.go:91.49,94.4 2 0
github.com/sajimenezher_meli/meli-frescos-8/internal/routes/routes.go:95.3,97.45 2 0
github.com/sajimenezher_meli/meli-frescos-8/internal/routes/routes.go:97.45,101.4 3 0
github.com/sajimenezher_meli/meli-frescos-8/internal/routes/routes.go:103.3,103.43 1 0
github.com/sajimenezher_meli/meli-frescos-8/internal/routes/routes.go:103.43,105.4 1 0
github.com/sajimenezher_meli/meli-frescos-8/internal/routes/routes.go:107.3,107.49 1 0
github.com/sajimenezher_meli/meli-frescos-8/internal/routes/routes.go:107.49,109.4 1 0
github.com/sajimenezher_meli/meli-frescos-8/internal/routes/routes.go:113.2,113.15 1 0
github.com/sajimenezher_meli/meli-frescos-8/internal/handlers/buyerHandler.go:24.68,28.2 1 20
github.com/sajimenezher_meli/meli-frescos-8/internal/handlers/buyerHandler.go:50.50,51.54 1 2
github.com/sajimenezher_meli/meli-frescos-8/internal/handlers/buyerHandler.go:51.54,64.17 5 2
github.com/sajimenezher_meli/meli-frescos-8/internal/handlers/buyerHandler.go:64.17,67.4 2 1
github.com/sajimenezher_meli/meli-frescos-8/internal/handlers/buyerHandler.go:70.3,74.51 4 1
github.com/sajimenezher_meli/meli-frescos-8/internal/handlers/buyerHandler.go:82.51,83.54 1 4
github.com/sajimenezher_meli/meli-frescos-8/internal/handlers/buyerHandler.go:83.54,96.17 5 4
github.com/sajimenezher_meli/meli-frescos-8/internal/handlers/buyerHandler.go:96.17,99.4 2 1
github.com/sajimenezher_meli/meli-frescos-8/internal/handlers/buyerHandler.go:102.3,103.17 2 3
github.com/sajimenezher_meli/meli-frescos-8/internal/handlers/buyerHandler.go:103.17,105.49 1 2
github.com/sajimenezher_meli/meli-frescos-8/internal/handlers/buyerHandler.go:105.49,108.5 2 1
github.com/sajimenezher_meli/meli-frescos-8/internal/handlers/buyerHandler.go:110.4,111.10 2 1
github.com/sajimenezher_meli/meli-frescos-8/internal/handlers/buyerHandler.go:115.3,117.51 3 1
github.com/sajimenezher_meli/meli-frescos-8/internal/handlers/buyerHandler.go:125.54,126.54 1 4
github.com/sajimenezher_meli/meli-frescos-8/internal/handlers/buyerHandler.go:126.54,133.17 4 4
github.com/sajimenezher_meli/meli-frescos-8/internal/handlers/buyerHandler.go:133.17,136.4 2 1
github.com/sajimenezher_meli/meli-frescos-8/internal/handlers/buyerHandler.go:139.3,140.17 2 3
github.com/sajimenezher_meli/meli-frescos-8/internal/handlers/buyerHandler.go:140.17,142.49 1 2
github.com/sajimenezher_meli/meli-frescos-8/internal/handlers/buyerHandler.go:142.49,145.5 2 1
github.com/sajimenezher_meli/meli-frescos-8/internal/handlers/buyerHandler.go:147.4,148.10 2 1
github.com/sajimenezher_meli/meli-frescos-8/internal/handlers/buyerHandler.go:150.3,150.38 1 1
github.com/sajimenezher_meli/meli-frescos-8/internal/handlers/buyerHandler.go:158.53,159.54 1 4
github.com/sajimenezher_meli/meli-frescos-8/internal/handlers/buyerHandler.go:159.54,171.17 7 4
github.com/sajimenezher_meli/meli-frescos-8/internal/handlers/buyerHandler.go:171.17,174.4 2 1
github.com/sajimenezher_meli/meli-frescos-8/internal/handlers/buyerHandler.go:177.3,179.17 3 3
github.com/sajimenezher_meli/meli-frescos-8/internal/handlers/buyerHandler.go:179.17,181.54 1 2
github.com/sajimenezher_meli/meli-frescos-8/internal/handlers/buyerHandler.go:181.54,184.5 2 1
github.com/sajimenezher_meli/meli-frescos-8/internal/handlers/buyerHandler.go:186.4,187.10 2 1
github.com/sajimenezher_meli/meli-frescos-8/internal/handlers/buyerHandler.go:191.3,194.56 3 1
github.com/sajimenezher_meli/meli-frescos-8/internal/handlers/buyerHandler.go:202.54,203.54 1 6
github.com/sajimenezher_meli/meli-frescos-8/internal/handlers/buyerHandler.go:203.54,212.17 5 6
github.com/sajimenezher_meli/meli-frescos-8/internal/handlers/buyerHandler.go:212.17,215.4 2 1
github.com/sajimenezher_meli/meli-frescos-8/internal/handlers/buyerHandler.go:218.3,222.17 4 5
github.com/sajimenezher_meli/meli-frescos-8/internal/handlers/buyerHandler.go:222.17,225.4 2 1
github.com/sajimenezher_meli/meli-frescos-8/internal/handlers/buyerHandler.go:228.3,230.17 3 4
github.com/sajimenezher_meli/meli-frescos-8/internal/handlers/buyerHandler.go:230.17,232.49 1 3
github.com/sajimenezher_meli/meli-frescos-8/internal/handlers/buyerHandler.go:232.49,235.5 2 1
github.com/sajimenezher_meli/meli-frescos-8/internal/handlers/buyerHandler.go:237.4,237.54 1 2
github.com/sajimenezher_meli/meli-frescos-8/internal/handlers/buyerHandler.go:237.54,240.5 2 1
github.com/sajimenezher_meli/meli-frescos-8/internal/handlers/buyerHandler.go:242.4,243.10 2 1
github.com/sajimenezher_meli/meli-frescos-8/internal/handlers/buyerHandler.go:247.3,250.51 3 1
github.com/sajimenezher_meli/meli-frescos-8/internal/handlers/buyerHandler.go:258.71,260.31 2 1
github.com/sajimenezher_meli/meli-frescos-8/internal/handlers/buyerHandler.go:260.31,262.3 1 3
github.com/sajimenezher_meli/meli-frescos-8/internal/handlers/buyerHandler.go:263.2,263.19 1 1
github.com/sajimenezher_meli/meli-frescos-8/internal/handlers/carry_handler.go:28.72,30.2 1 0
github.com/sajimenezher_meli/meli-frescos-8/internal/handlers/carry_handler.go:36.71,44.65 4 0
github.com/sajimenezher_meli/meli-frescos-8/internal/handlers/carry_handler.go:44.65,47.3 2 0
github.com/sajimenezher_meli/meli-frescos-8/internal/handlers/carry_handler.go:50.2,50.66 1 0
github.com/sajimenezher_meli/meli-frescos-8/internal/handlers/carry_handler.go:50.66,53.3 2 0
github.com/sajimenezher_meli/meli-frescos-8/internal/handlers/carry_handler.go:56.2,61.16 3 0
github.com/sajimenezher_meli/meli-frescos-8/internal/handlers/carry_handler.go:61.16,63.23 1 0
github.com/sajimenezher_meli/meli-frescos-8/internal/handlers/carry_handler.go:63.23,66.4 2 0
github.com/sajimenezher_meli/meli-frescos-8/internal/handlers/carry_handler.go:68.3,68.53 1 0
github.com/sajimenezher_meli/meli-frescos-8/internal/handlers/carry_handler.go:68.53,71.4 2 0
github.com/sajimenezher_meli/meli-frescos-8/internal/handlers/carry_handler.go:72.3,72.48 1 0
github.com/sajimenezher_meli/meli-frescos-8/internal/handlers/carry_handler.go:72.48,75.4 2 0
github.com/sajimenezher_meli/meli-frescos-8/internal/handlers/carry_handler.go:76.3,77.9 2 0
github.com/sajimenezher_meli/meli-frescos-8/internal/handlers/carry_handler.go:81.2,85.4 2 0
github.com/sajimenezher_meli/meli-frescos-8/internal/handlers/carry_handler.go:92.89,101.25 5 0
github.com/sajimenezher_meli/meli-frescos-8/internal/handlers/carry_handler.go:101.25,105.17 3 0
github.com/sajimenezher_meli/meli-frescos-8/internal/handlers/carry_handler.go:105.17,108.4 2 0
github.com/sajimenezher_meli/meli-frescos-8/internal/handlers/carry_handler.go:109.3,109.22 1 0
github.com/sajimenezher_meli/meli-frescos-8/internal/handlers/carry_handler.go:109.22,112.4 2 0
github.com/sajimenezher_meli/meli-frescos-8/internal/handlers/carry_handler.go:118.2,120.16 2 0
github.com/sajimenezher_meli/meli-frescos-8/internal/handlers/carry_handler.go:120.16,122.23 1 0
github.com/sajimenezher_meli/meli-frescos-8/internal/handlers/carry_handler.go:122.23,125.4 2 0
github.com/sajimenezher_meli/meli-frescos-8/internal/handlers/carry_handler.go:127.3,127.48 1 0
github.com/sajimenezher_meli/meli-frescos-8/internal/handlers/carry_handler.go:127.48,130.4 2 0
github.com/sajimenezher_meli/meli-frescos-8/internal/handlers/carry_handler.go:131.3,132.9 2 0
github.com/sajimenezher_meli/meli-frescos-8/internal/handlers/carry_handler.go:135.2,137.4 1 0
github.com/sajimenezher_meli/meli-frescos-8/internal/handlers/employeeHandler.go:26.121,30.2 1 0
github.com/sajimenezher_meli/meli-frescos-8/internal/handlers/employeeHandler.go:52.61,53.54 1 0
github.com/sajimenezher_meli/meli-frescos-8/internal/handlers/employeeHandler.go:53.54,66.17 5 0
github.com/sajimenezher_meli/meli-frescos-8/internal/handlers/employeeHandler.go:66.17,69.4 2 0
github.com/sajimenezher_meli/meli-frescos-8/internal/handlers/employeeHandler.go:72.3,76.51 4 0
github.com/sajimenezher_meli/meli-frescos-8/internal/handlers/employeeHandler.go:84.62,85.54 1 0
github.com/sajimenezher_meli/meli-frescos-8/internal/handlers/employeeHandler.go:85.54,98.17 5 0
github.com/sajimenezher_meli/meli-frescos-8/internal/handlers/employeeHandler.go:98.17,101.4 2 0
github.com/sajimenezher_meli/meli-frescos-8/internal/handlers/employeeHandler.go:104.3,105.17 2 0
github.com/sajimenezher_meli/meli-frescos-8/internal/handlers/employeeHandler.go:105.17,107.49 1 0
github.com/sajimenezher_meli/meli-frescos-8/internal/handlers/employeeHandler.go:107.49,110.5 2 0
github.com/sajimenezher_meli/meli-frescos-8/internal/handlers/employeeHandler.go:112.4,113.10 2 0
github.com/sajimenezher_meli/meli-frescos-8/internal/handlers/employeeHandler.go:117.3,119.51 3 0
github.com/sajimenezher_meli/meli-frescos-8/internal/handlers/employeeHandler.go:127.59,128.54 1 0
github.com/sajimenezher_meli/meli-frescos-8/internal/handlers/employeeHandler.go:128.54,140.17 7 0
github.com/sajimenezher_meli/meli-frescos-8/internal/handlers/employeeHandler.go:140.17,143.4 2 0
github.com/sajimenezher_meli/meli-frescos-8/internal/handlers/employeeHandler.go:146.3,148.17 3 0
github.com/sajimenezher_meli/meli-frescos-8/internal/handlers/employeeHandler.go:148.17,150.54 1 0
github.com/sajimenezher_meli/meli-frescos-8/internal/handlers/employeeHandler.go:150.54,153.5 2 0
github.com/sajimenezher_meli/meli-frescos-8/internal/handlers/employeeHandler.go:155.4,156.10 2 0
github.com/sajimenezher_meli/meli-frescos-8/internal/handlers/employeeHandler.go:160.3,163.56 3 0
github.com/sajimenezher_meli/meli-frescos-8/internal/handlers/employeeHandler.go:171.60,172.54 1 0
github.com/sajimenezher_meli/meli-frescos-8/internal/handlers/employeeHandler.go:172.54,181.17 5 0
github.com/sajimenezher_meli/meli-frescos-8/internal/handlers/employeeHandler.go:181.17,184.4 2 0
github.com/sajimenezher_meli/meli-frescos-8/internal/handlers/employeeHandler.go:187.3,191.17 4 0
github.com/sajimenezher_meli/meli-frescos-8/internal/handlers/employeeHandler.go:191.17,194.4 2 0
github.com/sajimenezher_meli/meli-frescos-8/internal/handlers/employeeHandler.go:197.3,199.17 3 0
github.com/sajimenezher_meli/meli-frescos-8/internal/handlers/employeeHandler.go:199.17,201.49 1 0
github.com/sajimenezher_meli/meli-frescos-8/internal/handlers/employeeHandler.go:201.49,204.5 2 0
github.com/sajimenezher_meli/meli-frescos-8/internal/handlers/employeeHandler.go:206.4,206.54 1 0
github.com/sajimenezher_meli/meli-frescos-8/internal/handlers/employeeHandler.go:206.54,209.5 2 0
github.com/sajimenezher_meli/meli-frescos-8/internal/handlers/employeeHandler.go:211.4,212.10 2 0
github.com/sajimenezher_meli/meli-frescos-8/internal/handlers/employeeHandler.go:216.3,219.51 3 0
github.com/sajimenezher_meli/meli-frescos-8/internal/handlers/employeeHandler.go:227.65,228.54 1 0
github.com/sajimenezher_meli/meli-frescos-8/internal/handlers/employeeHandler.go:228.54,235.17 4 0
github.com/sajimenezher_meli/meli-frescos-8/internal/handlers/employeeHandler.go:235.17,238.4 2 0
github.com/sajimenezher_meli/meli-frescos-8/internal/handlers/employeeHandler.go:241.3,242.17 2 0
github.com/sajimenezher_meli/meli-frescos-8/internal/handlers/employeeHandler.go:242.17,244.49 1 0
github.com/sajimenezher_meli/meli-frescos-8/internal/handlers/employeeHandler.go:244.49,247.5 2 0
github.com/sajimenezher_meli/meli-frescos-8/internal/handlers/employeeHandler.go:249.4,250.10 2 0
github.com/sajimenezher_meli/meli-frescos-8/internal/handlers/employeeHandler.go:252.3,252.38 1 0
github.com/sajimenezher_meli/meli-frescos-8/internal/handlers/employeeHandler.go:260.77,262.32 2 0
github.com/sajimenezher_meli/meli-frescos-8/internal/handlers/employeeHandler.go:262.32,264.3 1 0
github.com/sajimenezher_meli/meli-frescos-8/internal/handlers/employeeHandler.go:265.2,265.21 1 0
github.com/sajimenezher_meli/meli-frescos-8/internal/handlers/inboundOrderHandler.go:23.90,27.2 1 0
github.com/sajimenezher_meli/meli-frescos-8/internal/handlers/inboundOrderHandler.go:46.73,47.54 1 0
github.com/sajimenezher_meli/meli-frescos-8/internal/handlers/inboundOrderHandler.go:47.54,57.20 6 0
github.com/sajimenezher_meli/meli-frescos-8/internal/handlers/inboundOrderHandler.go:57.20,60.18 2 0
github.com/sajimenezher_meli/meli-frescos-8/internal/handlers/inboundOrderHandler.go:60.18,63.5 2 0
github.com/sajimenezher_meli/meli-frescos-8/internal/handlers/inboundOrderHandler.go:66.4,67.18 2 0
github.com/sajimenezher_meli/meli-frescos-8/internal/handlers/inboundOrderHandler.go:67.18,70.5 2 0
github.com/sajimenezher_meli/meli-frescos-8/internal/handlers/inboundOrderHandler.go:72.4,72.47 1 0
github.com/sajimenezher_meli/meli-frescos-8/internal/handlers/inboundOrderHandler.go:73.9,76.18 2 0
github.com/sajimenezher_meli/meli-frescos-8/internal/handlers/inboundOrderHandler.go:76.18,79.5 2 0
github.com/sajimenezher_meli/meli-frescos-8/internal/handlers/inboundOrderHandler.go:80.4,80.26 1 0
github.com/sajimenezher_meli/meli-frescos-8/internal/handlers/inboundOrderHandler.go:83.3,84.51 2 0
github.com/sajimenezher_meli/meli-frescos-8/internal/handlers/inboundOrderHandler.go:92.67,93.54 1 0
github.com/sajimenezher_meli/meli-frescos-8/internal/handlers/inboundOrderHandler.go:93.54,105.17 5 0
github.com/sajimenezher_meli/meli-frescos-8/internal/handlers/inboundOrderHandler.go:105.17,108.4 2 0
github.com/sajimenezher_meli/meli-frescos-8/internal/handlers/inboundOrderHandler.go:111.3,112.17 2 0
github.com/sajimenezher_meli/meli-frescos-8/internal/handlers/inboundOrderHandler.go:112.17,115.4 2 0
github.com/sajimenezher_meli/meli-frescos-8/internal/handlers/inboundOrderHandler.go:118.3,120.17 3 0
github.com/sajimenezher_meli/meli-frescos-8/internal/handlers/inboundOrderHandler.go:120.17,122.11 1 0
github.com/sajimenezher_meli/meli-frescos-8/internal/handlers/inboundOrderHandler.go:123.56,125.11 2 0
github.com/sajimenezher_meli/meli-frescos-8/internal/handlers/inboundOrderHandler.go:126.61,128.11 2 0
github.com/sajimenezher_meli/meli-frescos-8/internal/handlers/inboundOrderHandler.go:129.12,131.11 2 0
github.com/sajimenezher_meli/meli-frescos-8/internal/handlers/inboundOrderHandler.go:136.3,139.52 3 0
github.com/sajimenezher_meli/meli-frescos-8/internal/handlers/localityHandler.go:28.76,30.2 1 0
github.com/sajimenezher_meli/meli-frescos-8/internal/handlers/localityHandler.go:36.72,41.22 3 0
github.com/sajimenezher_meli/meli-frescos-8/internal/handlers/localityHandler.go:41.22,44.3 2 0
github.com/sajimenezher_meli/meli-frescos-8/internal/handlers/localityHandler.go:47.2,51.72 3 0
github.com/sajimenezher_meli/meli-frescos-8/internal/handlers/localityHandler.go:51.72,54.3 2 0
github.com/sajimenezher_meli/meli-frescos-8/internal/handlers/localityHandler.go:57.2,63.16 5 0
github.com/sajimenezher_meli/meli-frescos-8/internal/handlers/localityHandler.go:63.16,65.45 1 0
github.com/sajimenezher_meli/meli-frescos-8/internal/handlers/localityHandler.go:65.45,67.4 1 0
github.com/sajimenezher_meli/meli-frescos-8/internal/handlers/localityHandler.go:68.3,68.53 1 0
github.com/sajimenezher_meli/meli-frescos-8/internal/handlers/localityHandler.go:68.53,70.4 1 0
github.com/sajimenezher_meli/meli-frescos-8/internal/handlers/localityHandler.go:71.3,71.47 1 0
github.com/sajimenezher_meli/meli-frescos-8/internal/handlers/localityHandler.go:71.47,73.4 1 0
github.com/sajimenezher_meli/meli-frescos-8/internal/handlers/localityHandler.go:74.3,74.9 1 0
github.com/sajimenezher_meli/meli-frescos-8/internal/handlers/localityHandler.go:76.2,76.80 1 0
github.com/sajimenezher_meli/meli-frescos-8/internal/handlers/localityHandler.go:83.93,94.49 6 0
github.com/sajimenezher_meli/meli-frescos-8/internal/handlers/localityHandler.go:94.49,97.3 2 0
github.com/sajimenezher_meli/meli-frescos-8/internal/handlers/localityHandler.go:99.2,99.25 1 0
github.com/sajimenezher_meli/meli-frescos-8/internal/handlers/localityHandler.go:99.25,102.3 1 0
github.com/sajimenezher_meli/meli-frescos-8/internal/handlers/localityHandler.go:102.8,106.17 3 0
github.com/sajimenezher_meli/meli-frescos-8/internal/handlers/localityHandler.go:106.17,109.4 2 0
github.com/sajimenezher_meli/meli-frescos-8/internal/handlers/localityHandler.go:113.2,116.162 2 0
github.com/sajimenezher_meli/meli-frescos-8/internal/handlers/localityHandler.go:116.162,119.3 2 0
github.com/sajimenezher_meli/meli-frescos-8/internal/handlers/localityHandler.go:120.2,120.47 1 0
github.com/sajimenezher_meli/meli-frescos-8/internal/handlers/localityHandler.go:120.47,123.3 2 0
github.com/sajimenezher_meli/meli-frescos-8/internal/handlers/localityHandler.go:124.2,124.46 1 0
github.com/sajimenezher_meli/meli-frescos-8/internal/handlers/localityHandler.go:124.46,127.3 2 0
github.com/sajimenezher_meli/meli-frescos-8/internal/handlers/localityHandler.go:129.2,129.65 1 0
github.com/sajimenezher_meli/meli-frescos-8/internal/handlers/productBatchHandler.go:23.70,31.2 1 0
github.com/sajimenezher_meli/meli-frescos-8/internal/handlers/productBatchHandler.go:53.78,64.70 4 0
github.com/sajimenezher_meli/meli-frescos-8/internal/handlers/productBatchHandler.go:64.70,67.3 2 0
github.com/sajimenezher_meli/meli-frescos-8/internal/handlers/productBatchHandler.go:70.2,70.86 1 0
github.com/sajimenezher_meli/meli-frescos-8/internal/handlers/productBatchHandler.go:70.86,73.3 2 0
github.com/sajimenezher_meli/meli-frescos-8/internal/handlers/productBatchHandler.go:76.2,76.59 1 0
github.com/sajimenezher_meli/meli-frescos-8/internal/handlers/productBatchHandler.go:76.59,79.3 2 0
github.com/sajimenezher_meli/meli-frescos-8/internal/handlers/productBatchHandler.go:82.2,83.13 2 0
github.com/sajimenezher_meli/meli-frescos-8/internal/handlers/productBatchHandler.go:83.13,86.3 2 0
github.com/sajimenezher_meli/meli-frescos-8/internal/handlers/productBatchHandler.go:89.2,90.19 2 0
github.com/sajimenezher_meli/meli-frescos-8/internal/handlers/productBatchHandler.go:90.19,93.3 2 0
github.com/sajimenezher_meli/meli-frescos-8/internal/handlers/productBatchHandler.go:96.2,96.85 1 0
github.com/sajimenezher_meli/meli-frescos-8/internal/handlers/productBatchHandler.go:96.85,99.3 2 0
github.com/sajimenezher_meli/meli-frescos-8/internal/handlers/productBatchHandler.go:102.2,102.66 1 0
github.com/sajimenezher_meli/meli-frescos-8/internal/handlers/productBatchHandler.go:102.66,105.3 2 0
github.com/sajimenezher_meli/meli-frescos-8/internal/handlers/productBatchHandler.go:108.2,109.52 2 0
github.com/sajimenezher_meli/meli-frescos-8/internal/handlers/productBatchHandler.go:116.88,125.25 5 0
github.com/sajimenezher_meli/meli-frescos-8/internal/handlers/productBatchHandler.go:125.25,128.21 2 0
github.com/sajimenezher_meli/meli-frescos-8/internal/handlers/productBatchHandler.go:128.21,131.4 2 0
github.com/sajimenezher_meli/meli-frescos-8/internal/handlers/productBatchHandler.go:134.3,135.20 2 0
github.com/sajimenezher_meli/meli-frescos-8/internal/handlers/productBatchHandler.go:135.20,138.4 2 0
github.com/sajimenezher_meli/meli-frescos-8/internal/handlers/productBatchHandler.go:141.3,147.53 3 0
github.com/sajimenezher_meli/meli-frescos-8/internal/handlers/productBatchHandler.go:149.8,153.20 3 0
github.com/sajimenezher_meli/meli-frescos-8/internal/handlers/productBatchHandler.go:153.20,156.4 2 0
github.com/sajimenezher_meli/meli-frescos-8/internal/handlers/productBatchHandler.go:159.3,159.30 1 0
github.com/sajimenezher_meli/meli-frescos-8/internal/handlers/productBatchHandler.go:159.30,166.4 2 0
github.com/sajimenezher_meli/meli-frescos-8/internal/handlers/productBatchHandler.go:167.3,169.53 2 0
github.com/sajimenezher_meli/meli-frescos-8/internal/handlers/productHandler.go:30.73,34.2 1 0
github.com/sajimenezher_meli/meli-frescos-8/internal/handlers/productHandler.go:38.74,47.16 4 0
github.com/sajimenezher_meli/meli-frescos-8/internal/handlers/productHandler.go:47.16,50.47 1 0
github.com/sajimenezher_meli/meli-frescos-8/internal/handlers/productHandler.go:50.47,53.4 2 0
github.com/sajimenezher_meli/meli-frescos-8/internal/handlers/productHandler.go:56.3,57.9 2 0
github.com/sajimenezher_meli/meli-frescos-8/internal/handlers/productHandler.go:62.2,62.73 1 0
github.com/sajimenezher_meli/meli-frescos-8/internal/handlers/productHandler.go:67.74,76.57 4 0
github.com/sajimenezher_meli/meli-frescos-8/internal/handlers/productHandler.go:76.57,79.3 2 0
github.com/sajimenezher_meli/meli-frescos-8/internal/handlers/productHandler.go:83.2,84.80 2 0
github.com/sajimenezher_meli/meli-frescos-8/internal/handlers/productHandler.go:84.80,87.3 2 0
github.com/sajimenezher_meli/meli-frescos-8/internal/handlers/productHandler.go:91.2,96.16 3 0
github.com/sajimenezher_meli/meli-frescos-8/internal/handlers/productHandler.go:96.16,99.47 1 0
github.com/sajimenezher_meli/meli-frescos-8/internal/handlers/productHandler.go:99.47,102.4 2 0
github.com/sajimenezher_meli/meli-frescos-8/internal/handlers/productHandler.go:105.3,105.53 1 0
github.com/sajimenezher_meli/meli-frescos-8/internal/handlers/productHandler.go:105.53,108.4 2 0
github.com/sajimenezher_meli/meli-frescos-8/internal/handlers/productHandler.go:111.3,112.9 2 0
github.com/sajimenezher_meli/meli-frescos-8/internal/handlers/productHandler.go:117.2,118.85 2 0
github.com/sajimenezher_meli/meli-frescos-8/internal/handlers/productHandler.go:123.71,132.16 4 0
github.com/sajimenezher_meli/meli-frescos-8/internal/handlers/productHandler.go:132.16,135.3 2 0
github.com/sajimenezher_meli/meli-frescos-8/internal/handlers/productHandler.go:139.2,140.16 2 0
github.com/sajimenezher_meli/meli-frescos-8/internal/handlers/productHandler.go:140.16,143.47 1 0
github.com/sajimenezher_meli/meli-frescos-8/internal/handlers/productHandler.go:143.47,146.4 2 0
github.com/sajimenezher_meli/meli-frescos-8/internal/handlers/productHandler.go:149.3,149.48 1 0
github.com/sajimenezher_meli/meli-frescos-8/internal/handlers/productHandler.go:149.48,152.4 2 0
github.com/sajimenezher_meli/meli-frescos-8/internal/handlers/productHandler.go:155.3,156.9 2 0
github.com/sajimenezher_meli/meli-frescos-8/internal/handlers/productHandler.go:161.2,162.80 2 0
github.com/sajimenezher_meli/meli-frescos-8/internal/handlers/productHandler.go:167.74,176.16 4 0
github.com/sajimenezher_meli/meli-frescos-8/internal/handlers/productHandler.go:176.16,179.3 2 0
github.com/sajimenezher_meli/meli-frescos-8/internal/handlers/productHandler.go:183.2,184.57 2 0
github.com/sajimenezher_meli/meli-frescos-8/internal/handlers/productHandler.go:184.57,187.3 2 0
github.com/sajimenezher_meli/meli-frescos-8/internal/handlers/productHandler.go:191.2,196.16 3 0
github.com/sajimenezher_meli/meli-frescos-8/internal/handlers/productHandler.go:196.16,199.47 1 0
github.com/sajimenezher_meli/meli-frescos-8/internal/handlers/productHandler.go:199.47,202.4 2 0
github.com/sajimenezher_meli/meli-frescos-8/internal/handlers/productHandler.go:205.3,205.48 1 0
github.com/sajimenezher_meli/meli-frescos-8/internal/handlers/productHandler.go:205.48,208.4 2 0
github.com/sajimenezher_meli/meli-frescos-8/internal/handlers/productHandler.go:211.3,212.9 2 0
github.com/sajimenezher_meli/meli-frescos-8/internal/handlers/productHandler.go:217.2,218.80 2 0
github.com/sajimenezher_meli/meli-frescos-8/internal/handlers/productHandler.go:223.74,232.16 4 0
github.com/sajimenezher_meli/meli-frescos-8/internal/handlers/productHandler.go:232.16,235.3 2 0
github.com/sajimenezher_meli/meli-frescos-8/internal/handlers/productHandler.go:239.2,239.51 1 0
github.com/sajimenezher_meli/meli-frescos-8/internal/handlers/productHandler.go:239.51,242.47 1 0
github.com/sajimenezher_meli/meli-frescos-8/internal/handlers/productHandler.go:242.47,245.4 2 0
github.com/sajimenezher_meli/meli-frescos-8/internal/handlers/productHandler.go:248.3,248.48 1 0
github.com/sajimenezher_meli/meli-frescos-8/internal/handlers/productHandler.go:248.48,251.4 2 0
github.com/sajimenezher_meli/meli-frescos-8/internal/handlers/productHandler.go:254.3,255.9 2 0
github.com/sajimenezher_meli/meli-frescos-8/internal/handlers/productHandler.go:260.2,260.37 1 0
github.com/sajimenezher_meli/meli-frescos-8/internal/handlers/productHandler.go:265.46,267.17 2 0
github.com/sajimenezher_meli/meli-frescos-8/internal/handlers/productHandler.go:267.17,269.3 1 0
github.com/sajimenezher_meli/meli-frescos-8/internal/handlers/productHandler.go:270.2,271.16 2 0
github.com/sajimenezher_meli/meli-frescos-8/internal/handlers/productHandler.go:271.16,273.3 1 0
github.com/sajimenezher_meli/meli-frescos-8/internal/handlers/productHandler.go:274.2,274.16 1 0
github.com/sajimenezher_meli/meli-frescos-8/internal/handlers/productRecordHandler.go:42.92,44.2 1 0
github.com/sajimenezher_meli/meli-frescos-8/internal/handlers/productRecordHandler.go:48.81,59.16 5 0
github.com/sajimenezher_meli/meli-frescos-8/internal/handlers/productRecordHandler.go:59.16,62.3 2 0
github.com/sajimenezher_meli/meli-frescos-8/internal/handlers/productRecordHandler.go:66.2,68.16 3 0
github.com/sajimenezher_meli/meli-frescos-8/internal/handlers/productRecordHandler.go:68.16,71.3 2 0
github.com/sajimenezher_meli/meli-frescos-8/internal/handlers/productRecordHandler.go:75.2,81.16 3 0
github.com/sajimenezher_meli/meli-frescos-8/internal/handlers/productRecordHandler.go:81.16,84.58 1 0
github.com/sajimenezher_meli/meli-frescos-8/internal/handlers/productRecordHandler.go:84.58,87.4 2 0
github.com/sajimenezher_meli/meli-frescos-8/internal/handlers/productRecordHandler.go:88.3,89.9 2 0
github.com/sajimenezher_meli/meli-frescos-8/internal/handlers/productRecordHandler.go:94.2,97.4 2 0
github.com/sajimenezher_meli/meli-frescos-8/internal/handlers/productRecordHandler.go:102.84,112.20 4 0
github.com/sajimenezher_meli/meli-frescos-8/internal/handlers/productRecordHandler.go:112.20,114.17 2 0
github.com/sajimenezher_meli/meli-frescos-8/internal/handlers/productRecordHandler.go:114.17,117.4 2 0
github.com/sajimenezher_meli/meli-frescos-8/internal/handlers/productRecordHandler.go:119.3,119.72 1 0
github.com/sajimenezher_meli/meli-frescos-8/internal/handlers/productRecordHandler.go:121.8,126.17 2 0
github.com/sajimenezher_meli/meli-frescos-8/internal/handlers/productRecordHandler.go:126.17,129.4 2 0
github.com/sajimenezher_meli/meli-frescos-8/internal/handlers/productRecordHandler.go:133.3,135.17 2 0
github.com/sajimenezher_meli/meli-frescos-8/internal/handlers/productRecordHandler.go:135.17,138.59 1 0
github.com/sajimenezher_meli/meli-frescos-8/internal/handlers/productRecordHandler.go:138.59,141.5 2 0
github.com/sajimenezher_meli/meli-frescos-8/internal/handlers/productRecordHandler.go:142.4,143.10 2 0
github.com/sajimenezher_meli/meli-frescos-8/internal/handlers/productRecordHandler.go:148.3,150.5 1 0
github.com/sajimenezher_meli/meli-frescos-8/internal/handlers/purchaseOrderHandler.go:23.92,27.2 1 0
github.com/sajimenezher_meli/meli-frescos-8/internal/handlers/purchaseOrderHandler.go:47.69,48.54 1 0
github.com/sajimenezher_meli/meli-frescos-8/internal/handlers/purchaseOrderHandler.go:48.54,60.17 5 0
github.com/sajimenezher_meli/meli-frescos-8/internal/handlers/purchaseOrderHandler.go:60.17,63.4 2 0
github.com/sajimenezher_meli/meli-frescos-8/internal/handlers/purchaseOrderHandler.go:66.3,67.17 2 0
github.com/sajimenezher_meli/meli-frescos-8/internal/handlers/purchaseOrderHandler.go:67.17,70.4 2 0
github.com/sajimenezher_meli/meli-frescos-8/internal/handlers/purchaseOrderHandler.go:73.3,75.17 3 0
github.com/sajimenezher_meli/meli-frescos-8/internal/handlers/purchaseOrderHandler.go:75.17,77.54 1 0
github.com/sajimenezher_meli/meli-frescos-8/internal/handlers/purchaseOrderHandler.go:77.54,80.5 2 0
github.com/sajimenezher_meli/meli-frescos-8/internal/handlers/purchaseOrderHandler.go:82.4,82.49 1 0
github.com/sajimenezher_meli/meli-frescos-8/internal/handlers/purchaseOrderHandler.go:82.49,85.5 2 0
github.com/sajimenezher_meli/meli-frescos-8/internal/handlers/purchaseOrderHandler.go:87.4,88.10 2 0
github.com/sajimenezher_meli/meli-frescos-8/internal/handlers/purchaseOrderHandler.go:92.3,95.56 3 0
github.com/sajimenezher_meli/meli-frescos-8/internal/handlers/purchaseOrderHandler.go:103.58,104.54 1 0
github.com/sajimenezher_meli/meli-frescos-8/internal/handlers/purchaseOrderHandler.go:104.54,116.17 5 0
github.com/sajimenezher_meli/meli-frescos-8/internal/handlers/purchaseOrderHandler.go:116.17,118.4 1 0
github.com/sajimenezher_meli/meli-frescos-8/internal/handlers/purchaseOrderHandler.go:121.3,125.51 4 0
github.com/sajimenezher_meli/meli-frescos-8/internal/handlers/purchaseOrderHandler.go:133.75,134.54 1 0
github.com/sajimenezher_meli/meli-frescos-8/internal/handlers/purchaseOrderHandler.go:134.54,143.20 6 0
github.com/sajimenezher_meli/meli-frescos-8/internal/handlers/purchaseOrderHandler.go:143.20,146.18 2 0
github.com/sajimenezher_meli/meli-frescos-8/internal/handlers/purchaseOrderHandler.go:146.18,149.5 2 0
github.com/sajimenezher_meli/meli-frescos-8/internal/handlers/purchaseOrderHandler.go:150.4,150.19 1 0
github.com/sajimenezher_meli/meli-frescos-8/internal/handlers/purchaseOrderHandler.go:154.3,155.17 2 0
github.com/sajimenezher_meli/meli-frescos-8/internal/handlers/purchaseOrderHandler.go:155.17,157.49 1 0
github.com/sajimenezher_meli/meli-frescos-8/internal/handlers/purchaseOrderHandler.go:157.49,160.5 2 0
github.com/sajimenezher_meli/meli-frescos-8/internal/handlers/purchaseOrderHandler.go:161.4,162.10 2 0
github.com/sajimenezher_meli/meli-frescos-8/internal/handlers/purchaseOrderHandler.go:165.3,166.51 2 0
github.com/sajimenezher_meli/meli-frescos-8/internal/handlers/purchaseOrderHandler.go:174.103,177.31 2 0
github.com/sajimenezher_meli/meli-frescos-8/internal/handlers/purchaseOrderHandler.go:177.31,179.3 1 0
github.com/sajimenezher_meli/meli-frescos-8/internal/handlers/purchaseOrderHandler.go:181.2,181.19 1 0
github.com/sajimenezher_meli/meli-frescos-8/internal/handlers/sectionHandler.go:22.161,28.2 1 0
github.com/sajimenezher_meli/meli-frescos-8/internal/handlers/sectionHandler.go:52.73,61.19 5 0
github.com/sajimenezher_meli/meli-frescos-8/internal/handlers/sectionHandler.go:61.19,64.3 2 0
github.com/sajimenezher_meli/meli-frescos-8/internal/handlers/sectionHandler.go:67.2,68.47 2 0
github.com/sajimenezher_meli/meli-frescos-8/internal/handlers/sectionHandler.go:75.74,84.20 5 0
github.com/sajimenezher_meli/meli-frescos-8/internal/handlers/sectionHandler.go:84.20,87.3 2 0
github.com/sajimenezher_meli/meli-frescos-8/internal/handlers/sectionHandler.go:90.2,91.19 2 0
github.com/sajimenezher_meli/meli-frescos-8/internal/handlers/sectionHandler.go:91.19,94.3 2 0
github.com/sajimenezher_meli/meli-frescos-8/internal/handlers/sectionHandler.go:97.2,98.47 2 0
github.com/sajimenezher_meli/meli-frescos-8/internal/handlers/sectionHandler.go:105.73,117.70 4 0
github.com/sajimenezher_meli/meli-frescos-8/internal/handlers/sectionHandler.go:117.70,120.3 2 0
github.com/sajimenezher_meli/meli-frescos-8/internal/handlers/sectionHandler.go:123.2,123.82 1 0
github.com/sajimenezher_meli/meli-frescos-8/internal/handlers/sectionHandler.go:123.82,126.3 2 0
github.com/sajimenezher_meli/meli-frescos-8/internal/handlers/sectionHandler.go:129.2,130.19 2 0
github.com/sajimenezher_meli/meli-frescos-8/internal/handlers/sectionHandler.go:130.19,133.3 2 0
github.com/sajimenezher_meli/meli-frescos-8/internal/handlers/sectionHandler.go:136.2,139.79 2 0
github.com/sajimenezher_meli/meli-frescos-8/internal/handlers/sectionHandler.go:139.79,142.3 2 0
github.com/sajimenezher_meli/meli-frescos-8/internal/handlers/sectionHandler.go:145.2,145.61 1 0
github.com/sajimenezher_meli/meli-frescos-8/internal/handlers/sectionHandler.go:145.61,148.3 2 0
github.com/sajimenezher_meli/meli-frescos-8/internal/handlers/sectionHandler.go:151.2,152.52 2 0
github.com/sajimenezher_meli/meli-frescos-8/internal/handlers/sectionHandler.go:159.73,171.20 5 0
github.com/sajimenezher_meli/meli-frescos-8/internal/handlers/sectionHandler.go:171.20,174.3 2 0
github.com/sajimenezher_meli/meli-frescos-8/internal/handlers/sectionHandler.go:177.2,178.19 2 0
github.com/sajimenezher_meli/meli-frescos-8/internal/handlers/sectionHandler.go:178.19,181.3 2 0
github.com/sajimenezher_meli/meli-frescos-8/internal/handlers/sectionHandler.go:184.2,184.70 1 0
github.com/sajimenezher_meli/meli-frescos-8/internal/handlers/sectionHandler.go:184.70,187.3 2 0
github.com/sajimenezher_meli/meli-frescos-8/internal/handlers/sectionHandler.go:190.2,190.82 1 0
github.com/sajimenezher_meli/meli-frescos-8/internal/handlers/sectionHandler.go:190.82,193.3 2 0
github.com/sajimenezher_meli/meli-frescos-8/internal/handlers/sectionHandler.go:196.2,196.79 1 0
github.com/sajimenezher_meli/meli-frescos-8/internal/handlers/sectionHandler.go:196.79,199.3 2 0
github.com/sajimenezher_meli/meli-frescos-8/internal/handlers/sectionHandler.go:202.2,203.61 2 0
github.com/sajimenezher_meli/meli-frescos-8/internal/handlers/sectionHandler.go:203.61,206.3 2 0
github.com/sajimenezher_meli/meli-frescos-8/internal/handlers/sectionHandler.go:209.2,210.47 2 0
github.com/sajimenezher_meli/meli-frescos-8/internal/handlers/sectionHandler.go:217.77,224.20 4 0
github.com/sajimenezher_meli/meli-frescos-8/internal/handlers/sectionHandler.go:224.20,227.3 2 0
github.com/sajimenezher_meli/meli-frescos-8/internal/handlers/sectionHandler.go:230.2,231.19 2 0
github.com/sajimenezher_meli/meli-frescos-8/internal/handlers/sectionHandler.go:231.19,234.3 2 0
github.com/sajimenezher_meli/meli-frescos-8/internal/handlers/sectionHandler.go:236.2,236.37 1 0
github.com/sajimenezher_meli/meli-frescos-8/internal/handlers/sellerHandler.go:26.70,28.2 1 0
github.com/sajimenezher_meli/meli-frescos-8/internal/handlers/sellerHandler.go:34.72,37.16 2 0
github.com/sajimenezher_meli/meli-frescos-8/internal/handlers/sellerHandler.go:37.16,40.3 2 0
github.com/sajimenezher_meli/meli-frescos-8/internal/handlers/sellerHandler.go:42.2,42.72 1 0
github.com/sajimenezher_meli/meli-frescos-8/internal/handlers/sellerHandler.go:49.73,55.16 3 0
github.com/sajimenezher_meli/meli-frescos-8/internal/handlers/sellerHandler.go:55.16,58.3 2 0
github.com/sajimenezher_meli/meli-frescos-8/internal/handlers/sellerHandler.go:61.2,62.17 2 0
github.com/sajimenezher_meli/meli-frescos-8/internal/handlers/sellerHandler.go:62.17,65.3 2 0
github.com/sajimenezher_meli/meli-frescos-8/internal/handlers/sellerHandler.go:67.2,67.71 1 0
github.com/sajimenezher_meli/meli-frescos-8/internal/handlers/sellerHandler.go:74.70,80.22 4 0
github.com/sajimenezher_meli/meli-frescos-8/internal/handlers/sellerHandler.go:80.22,83.3 2 0
github.com/sajimenezher_meli/meli-frescos-8/internal/handlers/sellerHandler.go:86.2,86.80 1 0
github.com/sajimenezher_meli/meli-frescos-8/internal/handlers/sellerHandler.go:86.80,89.3 2 0
github.com/sajimenezher_meli/meli-frescos-8/internal/handlers/sellerHandler.go:92.2,96.16 3 0
github.com/sajimenezher_meli/meli-frescos-8/internal/handlers/sellerHandler.go:96.16,99.3 2 0
github.com/sajimenezher_meli/meli-frescos-8/internal/handlers/sellerHandler.go:102.2,104.79 2 0
github.com/sajimenezher_meli/meli-frescos-8/internal/handlers/sellerHandler.go:111.72,114.14 2 0
github.com/sajimenezher_meli/meli-frescos-8/internal/handlers/sellerHandler.go:114.14,117.3 2 0
github.com/sajimenezher_meli/meli-frescos-8/internal/handlers/sellerHandler.go:120.2,121.16 2 0
github.com/sajimenezher_meli/meli-frescos-8/internal/handlers/sellerHandler.go:121.16,124.3 2 0
github.com/sajimenezher_meli/meli-frescos-8/internal/handlers/sellerHandler.go:127.2,130.20 4 0
github.com/sajimenezher_meli/meli-frescos-8/internal/handlers/sellerHandler.go:130.20,133.3 2 0
github.com/sajimenezher_meli/meli-frescos-8/internal/handlers/sellerHandler.go:136.2,138.22 3 0
github.com/sajimenezher_meli/meli-frescos-8/internal/handlers/sellerHandler.go:138.22,141.3 2 0
github.com/sajimenezher_meli/meli-frescos-8/internal/handlers/sellerHandler.go:143.2,143.78 1 0
github.com/sajimenezher_meli/meli-frescos-8/internal/handlers/sellerHandler.go:150.72,153.14 2 0
github.com/sajimenezher_meli/meli-frescos-8/internal/handlers/sellerHandler.go:153.14,156.3 2 0
github.com/sajimenezher_meli/meli-frescos-8/internal/handlers/sellerHandler.go:159.2,160.16 2 0
github.com/sajimenezher_meli/meli-frescos-8/internal/handlers/sellerHandler.go:160.16,163.3 2 0
github.com/sajimenezher_meli/meli-frescos-8/internal/handlers/sellerHandler.go:166.2,167.22 2 0
github.com/sajimenezher_meli/meli-frescos-8/internal/handlers/sellerHandler.go:167.22,170.3 2 0
github.com/sajimenezher_meli/meli-frescos-8/internal/handlers/sellerHandler.go:172.2,172.45 1 0
github.com/sajimenezher_meli/meli-frescos-8/internal/handlers/warehouse_handler.go:29.88,31.2 1 0
github.com/sajimenezher_meli/meli-frescos-8/internal/handlers/warehouse_handler.go:37.75,44.16 4 0
github.com/sajimenezher_meli/meli-frescos-8/internal/handlers/warehouse_handler.go:44.16,46.23 1 0
github.com/sajimenezher_meli/meli-frescos-8/internal/handlers/warehouse_handler.go:46.23,49.4 2 0
github.com/sajimenezher_meli/meli-frescos-8/internal/handlers/warehouse_handler.go:51.3,51.59 1 0
github.com/sajimenezher_meli/meli-frescos-8/internal/handlers/warehouse_handler.go:51.59,54.4 2 0
github.com/sajimenezher_meli/meli-frescos-8/internal/handlers/warehouse_handler.go:55.3,56.9 2 0
github.com/sajimenezher_meli/meli-frescos-8/internal/handlers/warehouse_handler.go:60.2,60.26 1 0
github.com/sajimenezher_meli/meli-frescos-8/internal/handlers/warehouse_handler.go:60.26,63.3 2 0
github.com/sajimenezher_meli/meli-frescos-8/internal/handlers/warehouse_handler.go:66.2,67.39 2 0
github.com/sajimenezher_meli/meli-frescos-8/internal/handlers/warehouse_handler.go:67.39,69.3 1 0
github.com/sajimenezher_meli/meli-frescos-8/internal/handlers/warehouse_handler.go:71.2,73.4 1 0
github.com/sajimenezher_meli/meli-frescos-8/internal/handlers/warehouse_handler.go:80.75,88.74 4 0
github.com/sajimenezher_meli/meli-frescos-8/internal/handlers/warehouse_handler.go:88.74,91.3 2 0
github.com/sajimenezher_meli/meli-frescos-8/internal/handlers/warehouse_handler.go:94.2,94.85 1 0
github.com/sajimenezher_meli/meli-frescos-8/internal/handlers/warehouse_handler.go:94.85,97.3 2 0
github.com/sajimenezher_meli/meli-frescos-8/internal/handlers/warehouse_handler.go:100.2,100.103 1 0
github.com/sajimenezher_meli/meli-frescos-8/internal/handlers/warehouse_handler.go:100.103,102.23 1 0
github.com/sajimenezher_meli/meli-frescos-8/internal/handlers/warehouse_handler.go:102.23,105.4 2 0
github.com/sajimenezher_meli/meli-frescos-8/internal/handlers/warehouse_handler.go:107.3,107.53 1 0
github.com/sajimenezher_meli/meli-frescos-8/internal/handlers/warehouse_handler.go:107.53,110.4 2 0
github.com/sajimenezher_meli/meli-frescos-8/internal/handlers/warehouse_handler.go:111.3,111.59 1 0
github.com/sajimenezher_meli/meli-frescos-8/internal/handlers/warehouse_handler.go:111.59,114.4 2 0
github.com/sajimenezher_meli/meli-frescos-8/internal/handlers/warehouse_handler.go:115.3,116.9 2 0
github.com/sajimenezher_meli/meli-frescos-8/internal/handlers/warehouse_handler.go:120.2,122.16 3 0
github.com/sajimenezher_meli/meli-frescos-8/internal/handlers/warehouse_handler.go:122.16,124.23 1 0
github.com/sajimenezher_meli/meli-frescos-8/internal/handlers/warehouse_handler.go:124.23,127.4 2 0
github.com/sajimenezher_meli/meli-frescos-8/internal/handlers/warehouse_handler.go:129.3,129.59 1 0
github.com/sajimenezher_meli/meli-frescos-8/internal/handlers/warehouse_handler.go:129.59,132.4 2 0
github.com/sajimenezher_meli/meli-frescos-8/internal/handlers/warehouse_handler.go:133.3,134.9 2 0
github.com/sajimenezher_meli/meli-frescos-8/internal/handlers/warehouse_handler.go:138.2,141.4 2 0
github.com/sajimenezher_meli/meli-frescos-8/internal/handlers/warehouse_handler.go:148.76,155.17 4 0
github.com/sajimenezher_meli/meli-frescos-8/internal/handlers/warehouse_handler.go:155.17,158.3 2 0
github.com/sajimenezher_meli/meli-frescos-8/internal/handlers/warehouse_handler.go:161.2,162.16 2 0
github.com/sajimenezher_meli/meli-frescos-8/internal/handlers/warehouse_handler.go:162.16,165.3 2 0
github.com/sajimenezher_meli/meli-frescos-8/internal/handlers/warehouse_handler.go:168.2,169.16 2 0
github.com/sajimenezher_meli/meli-frescos-8/internal/handlers/warehouse_handler.go:169.16,171.23 1 0
github.com/sajimenezher_meli/meli-frescos-8/internal/handlers/warehouse_handler.go:171.23,174.4 2 0
github.com/sajimenezher_meli/meli-frescos-8/internal/handlers/warehouse_handler.go:176.3,176.48 1 0
github.com/sajimenezher_meli/meli-frescos-8/internal/handlers/warehouse_handler.go:176.48,179.4 2 0
github.com/sajimenezher_meli/meli-frescos-8/internal/handlers/warehouse_handler.go:180.3,180.59 1 0
github.com/sajimenezher_meli/meli-frescos-8/internal/handlers/warehouse_handler.go:180.59,183.4 2 0
github.com/sajimenezher_meli/meli-frescos-8/internal/handlers/warehouse_handler.go:184.3,185.9 2 0
github.com/sajimenezher_meli/meli-frescos-8/internal/handlers/warehouse_handler.go:189.2,192.4 2 0
github.com/sajimenezher_meli/meli-frescos-8/internal/handlers/warehouse_handler.go:199.75,206.17 4 0
github.com/sajimenezher_meli/meli-frescos-8/internal/handlers/warehouse_handler.go:206.17,209.3 2 0
github.com/sajimenezher_meli/meli-frescos-8/internal/handlers/warehouse_handler.go:212.2,213.16 2 0
github.com/sajimenezher_meli/meli-frescos-8/internal/handlers/warehouse_handler.go:213.16,216.3 2 0
github.com/sajimenezher_meli/meli-frescos-8/internal/handlers/warehouse_handler.go:219.2,219.59 1 0
github.com/sajimenezher_meli/meli-frescos-8/internal/handlers/warehouse_handler.go:219.59,221.23 1 0
github.com/sajimenezher_meli/meli-frescos-8/internal/handlers/warehouse_handler.go:221.23,224.4 2 0
github.com/sajimenezher_meli/meli-frescos-8/internal/handlers/warehouse_handler.go:226.3,226.48 1 0
github.com/sajimenezher_meli/meli-frescos-8/internal/handlers/warehouse_handler.go:226.48,229.4 2 0
github.com/sajimenezher_meli/meli-frescos-8/internal/handlers/warehouse_handler.go:230.3,230.59 1 0
github.com/sajimenezher_meli/meli-frescos-8/internal/handlers/warehouse_handler.go:230.59,233.4 2 0
github.com/sajimenezher_meli/meli-frescos-8/internal/handlers/warehouse_handler.go:234.3,235.9 2 0
github.com/sajimenezher_meli/meli-frescos-8/internal/handlers/warehouse_handler.go:238.2,240.4 1 0
github.com/sajimenezher_meli/meli-frescos-8/internal/handlers/warehouse_handler.go:247.75,254.17 4 0
github.com/sajimenezher_meli/meli-frescos-8/internal/handlers/warehouse_handler.go:254.17,257.3 2 0
github.com/sajimenezher_meli/meli-frescos-8/internal/handlers/warehouse_handler.go:260.2,261.16 2 0
github.com/sajimenezher_meli/meli-frescos-8/internal/handlers/warehouse_handler.go:261.16,264.3 2 0
github.com/sajimenezher_meli/meli-frescos-8/internal/handlers/warehouse_handler.go:267.2,268.16 2 0
github.com/sajimenezher_meli/meli-frescos-8/internal/handlers/warehouse_handler.go:268.16,270.23 1 0
github.com/sajimenezher_meli/meli-frescos-8/internal/handlers/warehouse_handler.go:270.23,273.4 2 0
github.com/sajimenezher_meli/meli-frescos-8/internal/handlers/warehouse_handler.go:275.3,275.48 1 0
github.com/sajimenezher_meli/meli-frescos-8/internal/handlers/warehouse_handler.go:275.48,278.4 2 0
github.com/sajimenezher_meli/meli-frescos-8/internal/handlers/warehouse_handler.go:279.3,279.59 1 0
github.com/sajimenezher_meli/meli-frescos-8/internal/handlers/warehouse_handler.go:279.59,282.4 2 0
github.com/sajimenezher_meli/meli-frescos-8/internal/handlers/warehouse_handler.go:283.3,284.9 2 0
github.com/sajimenezher_meli/meli-frescos-8/internal/handlers/warehouse_handler.go:287.2,290.79 2 0
github.com/sajimenezher_meli/meli-frescos-8/internal/handlers/warehouse_handler.go:290.79,293.3 2 0
github.com/sajimenezher_meli/meli-frescos-8/internal/handlers/warehouse_handler.go:296.2,296.89 1 0
github.com/sajimenezher_meli/meli-frescos-8/internal/handlers/warehouse_handler.go:296.89,299.3 2 0
github.com/sajimenezher_meli/meli-frescos-8/internal/handlers/warehouse_handler.go:302.2,305.123 2 0
github.com/sajimenezher_meli/meli-frescos-8/internal/handlers/warehouse_handler.go:305.123,306.110 1 0
github.com/sajimenezher_meli/meli-frescos-8/internal/handlers/warehouse_handler.go:306.110,308.24 1 0
github.com/sajimenezher_meli/meli-frescos-8/internal/handlers/warehouse_handler.go:308.24,311.5 2 0
github.com/sajimenezher_meli/meli-frescos-8/internal/handlers/warehouse_handler.go:313.4,313.54 1 0
github.com/sajimenezher_meli/meli-frescos-8/internal/handlers/warehouse_handler.go:313.54,316.5 2 0
github.com/sajimenezher_meli/meli-frescos-8/internal/handlers/warehouse_handler.go:317.4,317.60 1 0
github.com/sajimenezher_meli/meli-frescos-8/internal/handlers/warehouse_handler.go:317.60,320.5 2 0
github.com/sajimenezher_meli/meli-frescos-8/internal/handlers/warehouse_handler.go:321.4,322.10 2 0
github.com/sajimenezher_meli/meli-frescos-8/internal/handlers/warehouse_handler.go:327.2,328.16 2 0
github.com/sajimenezher_meli/meli-frescos-8/internal/handlers/warehouse_handler.go:328.16,330.23 1 0
github.com/sajimenezher_meli/meli-frescos-8/internal/handlers/warehouse_handler.go:330.23,333.4 2 0
github.com/sajimenezher_meli/meli-frescos-8/internal/handlers/warehouse_handler.go:335.3,335.48 1 0
github.com/sajimenezher_meli/meli-frescos-8/internal/handlers/warehouse_handler.go:335.48,338.4 2 0
github.com/sajimenezher_meli/meli-frescos-8/internal/handlers/warehouse_handler.go:339.3,339.59 1 0
github.com/sajimenezher_meli/meli-frescos-8/internal/handlers/warehouse_handler.go:339.59,342.4 2 0
github.com/sajimenezher_meli/meli-frescos-8/internal/handlers/warehouse_handler.go:343.3,344.9 2 0
github.com/sajimenezher_meli/meli-frescos-8/internal/handlers/warehouse_handler.go:348.2,351.4 2 0
github.com/sajimenezher_meli/meli-frescos-8/internal/mappers/buyerMapper.go:11.71,18.2 1 1
github.com/sajimenezher_meli/meli-frescos-8/internal/mappers/buyerMapper.go:21.74,28.2 1 3
github.com/sajimenezher_meli/meli-frescos-8/internal/mappers/buyerMapper.go:31.91,34.31 2 1
github.com/sajimenezher_meli/meli-frescos-8/internal/mappers/buyerMapper.go:34.31,36.3 1 2
github.com/sajimenezher_meli/meli-frescos-8/internal/mappers/buyerMapper.go:38.2,38.26 1 1
github.com/sajimenezher_meli/meli-frescos-8/internal/mappers/carry_mapper.go:9.86,18.2 1 0
github.com/sajimenezher_meli/meli-frescos-8/internal/mappers/carry_mapper.go:20.73,28.2 1 0
github.com/sajimenezher_meli/meli-frescos-8/internal/mappers/employeeMapper.go:9.85,17.2 1 0
github.com/sajimenezher_meli/meli-frescos-8/internal/mappers/employeeMapper.go:19.87,27.2 1 0
github.com/sajimenezher_meli/meli-frescos-8/internal/mappers/employeeMapper.go:29.96,34.2 4 0
github.com/sajimenezher_meli/meli-frescos-8/internal/mappers/employeeMapper.go:35.100,37.21 2 0
github.com/sajimenezher_meli/meli-frescos-8/internal/mappers/employeeMapper.go:37.21,38.28 1 0
github.com/sajimenezher_meli/meli-frescos-8/internal/mappers/employeeMapper.go:38.28,40.4 1 0
github.com/sajimenezher_meli/meli-frescos-8/internal/mappers/employeeMapper.go:42.2,42.29 1 0
github.com/sajimenezher_meli/meli-frescos-8/internal/mappers/inboundOrderMapper.go:9.93,17.2 1 0
github.com/sajimenezher_meli/meli-frescos-8/internal/mappers/inboundOrderMapper.go:18.96,27.2 1 0
github.com/sajimenezher_meli/meli-frescos-8/internal/mappers/inboundOrderMapper.go:29.112,32.38 2 0
github.com/sajimenezher_meli/meli-frescos-8/internal/mappers/inboundOrderMapper.go:32.38,34.3 1 0
github.com/sajimenezher_meli/meli-frescos-8/internal/mappers/inboundOrderMapper.go:36.2,36.33 1 0
github.com/sajimenezher_meli/meli-frescos-8/internal/mappers/localityMapper.go:12.83,19.2 2 0
github.com/sajimenezher_meli/meli-frescos-8/internal/mappers/productBatchMapper.go:13.107,15.20 2 0
github.com/sajimenezher_meli/meli-frescos-8/internal/mappers/productBatchMapper.go:15.20,17.3 1 0
github.com/sajimenezher_meli/meli-frescos-8/internal/mappers/productBatchMapper.go:19.2,20.20 2 0
github.com/sajimenezher_meli/meli-frescos-8/internal/mappers/productBatchMapper.go:20.20,22.3 1 0
github.com/sajimenezher_meli/meli-frescos-8/internal/mappers/productBatchMapper.go:24.2,46.8 2 0
github.com/sajimenezher_meli/meli-frescos-8/internal/mappers/productBatchMapper.go:49.99,63.2 1 0
github.com/sajimenezher_meli/meli-frescos-8/internal/mappers/productMapper.go:9.84,23.2 1 0
github.com/sajimenezher_meli/meli-frescos-8/internal/mappers/productMapper.go:25.76,39.2 1 0
github.com/sajimenezher_meli/meli-frescos-8/internal/mappers/productMapper.go:41.97,43.21 2 0
github.com/sajimenezher_meli/meli-frescos-8/internal/mappers/productMapper.go:43.21,44.28 1 0
github.com/sajimenezher_meli/meli-frescos-8/internal/mappers/productMapper.go:44.28,46.4 1 0
github.com/sajimenezher_meli/meli-frescos-8/internal/mappers/productMapper.go:48.2,48.28 1 0
github.com/sajimenezher_meli/meli-frescos-8/internal/mappers/productRecordMapper.go:9.102,16.2 1 0
github.com/sajimenezher_meli/meli-frescos-8/internal/mappers/productRecordMapper.go:18.94,25.2 1 0
github.com/sajimenezher_meli/meli-frescos-8/internal/mappers/purchaseOrder.go:11.96,20.2 1 0
github.com/sajimenezher_meli/meli-frescos-8/internal/mappers/purchaseOrder.go:23.99,32.2 1 0
github.com/sajimenezher_meli/meli-frescos-8/internal/mappers/purchaseOrder.go:35.115,38.39 2 0
github.com/sajimenezher_meli/meli-frescos-8/internal/mappers/purchaseOrder.go:38.39,40.3 1 0
github.com/sajimenezher_meli/meli-frescos-8/internal/mappers/purchaseOrder.go:42.2,42.34 1 0
github.com/sajimenezher_meli/meli-frescos-8/internal/mappers/sectionMapper.go:9.83,20.2 1 0
github.com/sajimenezher_meli/meli-frescos-8/internal/mappers/sectionMapper.go:22.84,34.2 1 0
github.com/sajimenezher_meli/meli-frescos-8/internal/mappers/sectionMapper.go:36.93,45.2 8 0
github.com/sajimenezher_meli/meli-frescos-8/internal/mappers/sectionMapper.go:47.97,49.21 2 0
github.com/sajimenezher_meli/meli-frescos-8/internal/mappers/sectionMapper.go:49.21,50.28 1 0
github.com/sajimenezher_meli/meli-frescos-8/internal/mappers/sectionMapper.go:50.28,52.4 1 0
github.com/sajimenezher_meli/meli-frescos-8/internal/mappers/sectionMapper.go:54.2,54.28 1 0
github.com/sajimenezher_meli/meli-frescos-8/internal/mappers/sellerMappers.go:9.75,18.2 2 0
github.com/sajimenezher_meli/meli-frescos-8/internal/mappers/sellerMappers.go:20.78,30.2 2 0
github.com/sajimenezher_meli/meli-frescos-8/internal/mappers/warehouse_mapper.go:9.73,18.2 1 0
github.com/sajimenezher_meli/meli-frescos-8/internal/mappers/warehouse_mapper.go:20.77,29.2 1 0
github.com/sajimenezher_meli/meli-frescos-8/internal/mappers/warehouse_mapper.go:31.99,32.26 1 0
github.com/sajimenezher_meli/meli-frescos-8/internal/mappers/warehouse_mapper.go:32.26,34.3 1 0
github.com/sajimenezher_meli/meli-frescos-8/internal/mappers/warehouse_mapper.go:35.2,35.28 1 0
github.com/sajimenezher_meli/meli-frescos-8/internal/mappers/warehouse_mapper.go:35.28,37.3 1 0
github.com/sajimenezher_meli/meli-frescos-8/internal/mappers/warehouse_mapper.go:38.2,38.32 1 0
github.com/sajimenezher_meli/meli-frescos-8/internal/mappers/warehouse_mapper.go:38.32,40.3 1 0
github.com/sajimenezher_meli/meli-frescos-8/internal/mappers/warehouse_mapper.go:41.2,41.34 1 0
github.com/sajimenezher_meli/meli-frescos-8/internal/mappers/warehouse_mapper.go:41.34,43.3 1 0
github.com/sajimenezher_meli/meli-frescos-8/internal/mappers/warehouse_mapper.go:44.2,44.37 1 0
github.com/sajimenezher_meli/meli-frescos-8/internal/mappers/warehouse_mapper.go:44.37,46.3 1 0
github.com/sajimenezher_meli/meli-frescos-8/internal/mappers/warehouse_mapper.go:47.2,47.17 1 0
github.com/sajimenezher_meli/meli-frescos-8/internal/repositories/InboundOrderRepository.go:17.76,18.43 1 0
github.com/sajimenezher_meli/meli-frescos-8/internal/repositories/InboundOrderRepository.go:18.43,20.3 1 0
github.com/sajimenezher_meli/meli-frescos-8/internal/repositories/InboundOrderRepository.go:21.2,24.39 2 0
github.com/sajimenezher_meli/meli-frescos-8/internal/repositories/InboundOrderRepository.go:55.124,69.16 4 0
github.com/sajimenezher_meli/meli-frescos-8/internal/repositories/InboundOrderRepository.go:69.16,71.3 1 0
github.com/sajimenezher_meli/meli-frescos-8/internal/repositories/InboundOrderRepository.go:72.2,76.18 2 0
github.com/sajimenezher_meli/meli-frescos-8/internal/repositories/InboundOrderRepository.go:76.18,79.17 3 0
github.com/sajimenezher_meli/meli-frescos-8/internal/repositories/InboundOrderRepository.go:79.17,81.4 1 0
github.com/sajimenezher_meli/meli-frescos-8/internal/repositories/InboundOrderRepository.go:82.3,82.36 1 0
github.com/sajimenezher_meli/meli-frescos-8/internal/repositories/InboundOrderRepository.go:85.2,85.21 1 0
github.com/sajimenezher_meli/meli-frescos-8/internal/repositories/InboundOrderRepository.go:90.146,106.16 5 0
github.com/sajimenezher_meli/meli-frescos-8/internal/repositories/InboundOrderRepository.go:106.16,108.36 1 0
github.com/sajimenezher_meli/meli-frescos-8/internal/repositories/InboundOrderRepository.go:108.36,110.4 1 0
github.com/sajimenezher_meli/meli-frescos-8/internal/repositories/InboundOrderRepository.go:111.3,111.111 1 0
github.com/sajimenezher_meli/meli-frescos-8/internal/repositories/InboundOrderRepository.go:114.2,114.20 1 0
github.com/sajimenezher_meli/meli-frescos-8/internal/repositories/InboundOrderRepository.go:119.125,133.16 3 0
github.com/sajimenezher_meli/meli-frescos-8/internal/repositories/InboundOrderRepository.go:133.16,135.3 1 0
github.com/sajimenezher_meli/meli-frescos-8/internal/repositories/InboundOrderRepository.go:138.2,139.16 2 0
github.com/sajimenezher_meli/meli-frescos-8/internal/repositories/InboundOrderRepository.go:139.16,141.3 1 0
github.com/sajimenezher_meli/meli-frescos-8/internal/repositories/InboundOrderRepository.go:143.2,144.21 2 0
github.com/sajimenezher_meli/meli-frescos-8/internal/repositories/InboundOrderRepository.go:149.114,154.16 4 0
github.com/sajimenezher_meli/meli-frescos-8/internal/repositories/InboundOrderRepository.go:154.16,156.3 1 0
github.com/sajimenezher_meli/meli-frescos-8/internal/repositories/InboundOrderRepository.go:157.2,157.20 1 0
github.com/sajimenezher_meli/meli-frescos-8/internal/repositories/buyerRepository.go:18.62,19.36 1 0
github.com/sajimenezher_meli/meli-frescos-8/internal/repositories/buyerRepository.go:19.36,21.3 1 0
github.com/sajimenezher_meli/meli-frescos-8/internal/repositories/buyerRepository.go:23.2,26.32 2 0
github.com/sajimenezher_meli/meli-frescos-8/internal/repositories/buyerRepository.go:69.90,75.16 4 4
github.com/sajimenezher_meli/meli-frescos-8/internal/repositories/buyerRepository.go:75.16,77.3 1 1
github.com/sajimenezher_meli/meli-frescos-8/internal/repositories/buyerRepository.go:78.2,83.18 3 3
github.com/sajimenezher_meli/meli-frescos-8/internal/repositories/buyerRepository.go:83.18,86.17 3 4
github.com/sajimenezher_meli/meli-frescos-8/internal/repositories/buyerRepository.go:86.17,88.4 1 1
github.com/sajimenezher_meli/meli-frescos-8/internal/repositories/buyerRepository.go:89.3,89.34 1 3
github.com/sajimenezher_meli/meli-frescos-8/internal/repositories/buyerRepository.go:92.2,93.20 2 2
github.com/sajimenezher_meli/meli-frescos-8/internal/repositories/buyerRepository.go:98.91,105.16 5 4
github.com/sajimenezher_meli/meli-frescos-8/internal/repositories/buyerRepository.go:105.16,107.3 1 1
github.com/sajimenezher_meli/meli-frescos-8/internal/repositories/buyerRepository.go:109.2,110.16 2 3
github.com/sajimenezher_meli/meli-frescos-8/internal/repositories/buyerRepository.go:110.16,112.36 1 2
github.com/sajimenezher_meli/meli-frescos-8/internal/repositories/buyerRepository.go:112.36,114.4 1 1
github.com/sajimenezher_meli/meli-frescos-8/internal/repositories/buyerRepository.go:115.3,115.98 1 1
github.com/sajimenezher_meli/meli-frescos-8/internal/repositories/buyerRepository.go:118.2,118.19 1 1
github.com/sajimenezher_meli/meli-frescos-8/internal/repositories/buyerRepository.go:123.78,128.16 3 4
github.com/sajimenezher_meli/meli-frescos-8/internal/repositories/buyerRepository.go:128.16,130.3 1 1
github.com/sajimenezher_meli/meli-frescos-8/internal/repositories/buyerRepository.go:133.2,134.16 2 3
github.com/sajimenezher_meli/meli-frescos-8/internal/repositories/buyerRepository.go:134.16,136.3 1 1
github.com/sajimenezher_meli/meli-frescos-8/internal/repositories/buyerRepository.go:139.2,139.23 1 2
github.com/sajimenezher_meli/meli-frescos-8/internal/repositories/buyerRepository.go:139.23,141.3 1 1
github.com/sajimenezher_meli/meli-frescos-8/internal/repositories/buyerRepository.go:143.2,143.12 1 1
github.com/sajimenezher_meli/meli-frescos-8/internal/repositories/buyerRepository.go:148.102,154.16 3 3
github.com/sajimenezher_meli/meli-frescos-8/internal/repositories/buyerRepository.go:154.16,156.3 1 1
github.com/sajimenezher_meli/meli-frescos-8/internal/repositories/buyerRepository.go:159.2,160.16 2 2
github.com/sajimenezher_meli/meli-frescos-8/internal/repositories/buyerRepository.go:160.16,162.3 1 1
github.com/sajimenezher_meli/meli-frescos-8/internal/repositories/buyerRepository.go:164.2,165.19 2 1
github.com/sajimenezher_meli/meli-frescos-8/internal/repositories/buyerRepository.go:170.115,175.27 3 0
github.com/sajimenezher_meli/meli-frescos-8/internal/repositories/buyerRepository.go:175.27,178.3 2 0
github.com/sajimenezher_meli/meli-frescos-8/internal/repositories/buyerRepository.go:179.2,179.26 1 0
github.com/sajimenezher_meli/meli-frescos-8/internal/repositories/buyerRepository.go:179.26,182.3 2 0
github.com/sajimenezher_meli/meli-frescos-8/internal/repositories/buyerRepository.go:183.2,183.30 1 0
github.com/sajimenezher_meli/meli-frescos-8/internal/repositories/buyerRepository.go:183.30,186.3 2 0
github.com/sajimenezher_meli/meli-frescos-8/internal/repositories/buyerRepository.go:189.2,193.16 4 0
github.com/sajimenezher_meli/meli-frescos-8/internal/repositories/buyerRepository.go:193.16,195.3 1 0
github.com/sajimenezher_meli/meli-frescos-8/internal/repositories/buyerRepository.go:198.2,199.16 2 0
github.com/sajimenezher_meli/meli-frescos-8/internal/repositories/buyerRepository.go:199.16,201.3 1 0
github.com/sajimenezher_meli/meli-frescos-8/internal/repositories/buyerRepository.go:204.2,204.23 1 0
github.com/sajimenezher_meli/meli-frescos-8/internal/repositories/buyerRepository.go:204.23,206.3 1 0
github.com/sajimenezher_meli/meli-frescos-8/internal/repositories/buyerRepository.go:209.2,210.16 2 0
github.com/sajimenezher_meli/meli-frescos-8/internal/repositories/buyerRepository.go:210.16,212.3 1 0
github.com/sajimenezher_meli/meli-frescos-8/internal/repositories/buyerRepository.go:213.2,213.25 1 0
github.com/sajimenezher_meli/meli-frescos-8/internal/repositories/buyerRepository.go:218.69,224.16 4 0
github.com/sajimenezher_meli/meli-frescos-8/internal/repositories/buyerRepository.go:224.16,226.3 1 0
github.com/sajimenezher_meli/meli-frescos-8/internal/repositories/buyerRepository.go:227.2,230.18 2 0
github.com/sajimenezher_meli/meli-frescos-8/internal/repositories/buyerRepository.go:230.18,233.17 3 0
github.com/sajimenezher_meli/meli-frescos-8/internal/repositories/buyerRepository.go:233.17,235.4 1 0
github.com/sajimenezher_meli/meli-frescos-8/internal/repositories/buyerRepository.go:237.3,237.54 1 0
github.com/sajimenezher_meli/meli-frescos-8/internal/repositories/buyerRepository.go:240.2,240.27 1 0
github.com/sajimenezher_meli/meli-frescos-8/internal/repositories/buyerRepository.go:245.95,252.16 4 0
github.com/sajimenezher_meli/meli-frescos-8/internal/repositories/buyerRepository.go:252.16,254.36 1 0
github.com/sajimenezher_meli/meli-frescos-8/internal/repositories/buyerRepository.go:254.36,256.4 1 0
github.com/sajimenezher_meli/meli-frescos-8/internal/repositories/buyerRepository.go:257.3,257.85 1 0
github.com/sajimenezher_meli/meli-frescos-8/internal/repositories/buyerRepository.go:259.2,259.18 1 0
github.com/sajimenezher_meli/meli-frescos-8/internal/repositories/carry_repository.go:39.53,40.36 1 0
github.com/sajimenezher_meli/meli-frescos-8/internal/repositories/carry_repository.go:40.36,42.3 1 0
github.com/sajimenezher_meli/meli-frescos-8/internal/repositories/carry_repository.go:44.2,45.32 2 0
github.com/sajimenezher_meli/meli-frescos-8/internal/repositories/carry_repository.go:72.101,77.16 2 0
github.com/sajimenezher_meli/meli-frescos-8/internal/repositories/carry_repository.go:77.16,79.3 1 0
github.com/sajimenezher_meli/meli-frescos-8/internal/repositories/carry_repository.go:82.2,83.16 2 0
github.com/sajimenezher_meli/meli-frescos-8/internal/repositories/carry_repository.go:83.16,85.3 1 0
github.com/sajimenezher_meli/meli-frescos-8/internal/repositories/carry_repository.go:86.2,88.19 2 0
github.com/sajimenezher_meli/meli-frescos-8/internal/repositories/carry_repository.go:93.90,99.16 4 0
github.com/sajimenezher_meli/meli-frescos-8/internal/repositories/carry_repository.go:99.16,101.27 1 0
github.com/sajimenezher_meli/meli-frescos-8/internal/repositories/carry_repository.go:101.27,103.4 1 0
github.com/sajimenezher_meli/meli-frescos-8/internal/repositories/carry_repository.go:104.3,104.80 1 0
github.com/sajimenezher_meli/meli-frescos-8/internal/repositories/carry_repository.go:107.2,107.23 1 0
github.com/sajimenezher_meli/meli-frescos-8/internal/repositories/carry_repository.go:112.135,118.21 3 0
github.com/sajimenezher_meli/meli-frescos-8/internal/repositories/carry_repository.go:118.21,122.3 1 0
github.com/sajimenezher_meli/meli-frescos-8/internal/repositories/carry_repository.go:122.8,126.3 1 0
github.com/sajimenezher_meli/meli-frescos-8/internal/repositories/carry_repository.go:128.2,128.16 1 0
github.com/sajimenezher_meli/meli-frescos-8/internal/repositories/carry_repository.go:128.16,130.3 1 0
github.com/sajimenezher_meli/meli-frescos-8/internal/repositories/carry_repository.go:132.2,137.18 3 0
github.com/sajimenezher_meli/meli-frescos-8/internal/repositories/carry_repository.go:137.18,140.17 3 0
github.com/sajimenezher_meli/meli-frescos-8/internal/repositories/carry_repository.go:140.17,142.4 1 0
github.com/sajimenezher_meli/meli-frescos-8/internal/repositories/carry_repository.go:143.3,143.36 1 0
github.com/sajimenezher_meli/meli-frescos-8/internal/repositories/carry_repository.go:147.2,147.34 1 0
github.com/sajimenezher_meli/meli-frescos-8/internal/repositories/carry_repository.go:147.34,149.3 1 0
github.com/sajimenezher_meli/meli-frescos-8/internal/repositories/carry_repository.go:151.2,151.21 1 0
github.com/sajimenezher_meli/meli-frescos-8/internal/repositories/employeeRepository.go:18.68,19.39 1 0
github.com/sajimenezher_meli/meli-frescos-8/internal/repositories/employeeRepository.go:19.39,21.3 1 0
github.com/sajimenezher_meli/meli-frescos-8/internal/repositories/employeeRepository.go:23.2,26.35 2 0
github.com/sajimenezher_meli/meli-frescos-8/internal/repositories/employeeRepository.go:69.96,75.16 4 0
github.com/sajimenezher_meli/meli-frescos-8/internal/repositories/employeeRepository.go:75.16,77.3 1 0
github.com/sajimenezher_meli/meli-frescos-8/internal/repositories/employeeRepository.go:78.2,82.18 2 0
github.com/sajimenezher_meli/meli-frescos-8/internal/repositories/employeeRepository.go:82.18,85.17 3 0
github.com/sajimenezher_meli/meli-frescos-8/internal/repositories/employeeRepository.go:85.17,87.4 1 0
github.com/sajimenezher_meli/meli-frescos-8/internal/repositories/employeeRepository.go:88.3,88.36 1 0
github.com/sajimenezher_meli/meli-frescos-8/internal/repositories/employeeRepository.go:91.2,91.23 1 0
github.com/sajimenezher_meli/meli-frescos-8/internal/repositories/employeeRepository.go:96.97,104.16 5 0
github.com/sajimenezher_meli/meli-frescos-8/internal/repositories/employeeRepository.go:104.16,106.36 1 0
github.com/sajimenezher_meli/meli-frescos-8/internal/repositories/employeeRepository.go:106.36,108.4 1 0
github.com/sajimenezher_meli/meli-frescos-8/internal/repositories/employeeRepository.go:109.3,109.32 1 0
github.com/sajimenezher_meli/meli-frescos-8/internal/repositories/employeeRepository.go:112.2,112.22 1 0
github.com/sajimenezher_meli/meli-frescos-8/internal/repositories/employeeRepository.go:117.81,122.16 3 0
github.com/sajimenezher_meli/meli-frescos-8/internal/repositories/employeeRepository.go:122.16,124.3 1 0
github.com/sajimenezher_meli/meli-frescos-8/internal/repositories/employeeRepository.go:127.2,128.16 2 0
github.com/sajimenezher_meli/meli-frescos-8/internal/repositories/employeeRepository.go:128.16,130.3 1 0
github.com/sajimenezher_meli/meli-frescos-8/internal/repositories/employeeRepository.go:133.2,133.23 1 0
github.com/sajimenezher_meli/meli-frescos-8/internal/repositories/employeeRepository.go:133.23,135.3 1 0
github.com/sajimenezher_meli/meli-frescos-8/internal/repositories/employeeRepository.go:137.2,137.12 1 0
github.com/sajimenezher_meli/meli-frescos-8/internal/repositories/employeeRepository.go:142.114,147.16 3 0
github.com/sajimenezher_meli/meli-frescos-8/internal/repositories/employeeRepository.go:147.16,149.3 1 0
github.com/sajimenezher_meli/meli-frescos-8/internal/repositories/employeeRepository.go:152.2,153.16 2 0
github.com/sajimenezher_meli/meli-frescos-8/internal/repositories/employeeRepository.go:153.16,155.3 1 0
github.com/sajimenezher_meli/meli-frescos-8/internal/repositories/employeeRepository.go:157.2,158.22 2 0
github.com/sajimenezher_meli/meli-frescos-8/internal/repositories/employeeRepository.go:163.130,168.30 3 0
github.com/sajimenezher_meli/meli-frescos-8/internal/repositories/employeeRepository.go:168.30,171.3 2 0
github.com/sajimenezher_meli/meli-frescos-8/internal/repositories/employeeRepository.go:172.2,172.29 1 0
github.com/sajimenezher_meli/meli-frescos-8/internal/repositories/employeeRepository.go:172.29,175.3 2 0
github.com/sajimenezher_meli/meli-frescos-8/internal/repositories/employeeRepository.go:176.2,176.33 1 0
github.com/sajimenezher_meli/meli-frescos-8/internal/repositories/employeeRepository.go:176.33,179.3 2 0
github.com/sajimenezher_meli/meli-frescos-8/internal/repositories/employeeRepository.go:180.2,180.31 1 0
github.com/sajimenezher_meli/meli-frescos-8/internal/repositories/employeeRepository.go:180.31,183.3 2 0
github.com/sajimenezher_meli/meli-frescos-8/internal/repositories/employeeRepository.go:186.2,190.16 4 0
github.com/sajimenezher_meli/meli-frescos-8/internal/repositories/employeeRepository.go:190.16,192.3 1 0
github.com/sajimenezher_meli/meli-frescos-8/internal/repositories/employeeRepository.go:195.2,196.16 2 0
github.com/sajimenezher_meli/meli-frescos-8/internal/repositories/employeeRepository.go:196.16,198.3 1 0
github.com/sajimenezher_meli/meli-frescos-8/internal/repositories/employeeRepository.go:201.2,201.23 1 0
github.com/sajimenezher_meli/meli-frescos-8/internal/repositories/employeeRepository.go:201.23,203.3 1 0
github.com/sajimenezher_meli/meli-frescos-8/internal/repositories/employeeRepository.go:206.2,207.16 2 0
github.com/sajimenezher_meli/meli-frescos-8/internal/repositories/employeeRepository.go:207.16,209.3 1 0
github.com/sajimenezher_meli/meli-frescos-8/internal/repositories/employeeRepository.go:210.2,210.29 1 0
github.com/sajimenezher_meli/meli-frescos-8/internal/repositories/employeeRepository.go:215.72,221.16 4 0
github.com/sajimenezher_meli/meli-frescos-8/internal/repositories/employeeRepository.go:221.16,223.3 1 0
github.com/sajimenezher_meli/meli-frescos-8/internal/repositories/employeeRepository.go:224.2,227.18 2 0
github.com/sajimenezher_meli/meli-frescos-8/internal/repositories/employeeRepository.go:227.18,230.17 3 0
github.com/sajimenezher_meli/meli-frescos-8/internal/repositories/employeeRepository.go:230.17,232.4 1 0
github.com/sajimenezher_meli/meli-frescos-8/internal/repositories/employeeRepository.go:234.3,234.54 1 0
github.com/sajimenezher_meli/meli-frescos-8/internal/repositories/employeeRepository.go:237.2,237.27 1 0
github.com/sajimenezher_meli/meli-frescos-8/internal/repositories/employeeRepository.go:242.104,249.16 4 0
github.com/sajimenezher_meli/meli-frescos-8/internal/repositories/employeeRepository.go:249.16,251.36 1 0
github.com/sajimenezher_meli/meli-frescos-8/internal/repositories/employeeRepository.go:251.36,253.4 1 0
github.com/sajimenezher_meli/meli-frescos-8/internal/repositories/employeeRepository.go:254.3,254.74 1 0
github.com/sajimenezher_meli/meli-frescos-8/internal/repositories/employeeRepository.go:256.2,256.18 1 0
github.com/sajimenezher_meli/meli-frescos-8/internal/repositories/localityRepository.go:17.62,18.39 1 0
github.com/sajimenezher_meli/meli-frescos-8/internal/repositories/localityRepository.go:18.39,20.3 1 0
github.com/sajimenezher_meli/meli-frescos-8/internal/repositories/localityRepository.go:22.2,23.35 2 0
github.com/sajimenezher_meli/meli-frescos-8/internal/repositories/localityRepository.go:50.110,54.26 3 0
github.com/sajimenezher_meli/meli-frescos-8/internal/repositories/localityRepository.go:54.26,57.17 2 0
github.com/sajimenezher_meli/meli-frescos-8/internal/repositories/localityRepository.go:57.17,59.4 1 0
github.com/sajimenezher_meli/meli-frescos-8/internal/repositories/localityRepository.go:60.3,61.26 2 0
github.com/sajimenezher_meli/meli-frescos-8/internal/repositories/localityRepository.go:62.8,62.23 1 0
github.com/sajimenezher_meli/meli-frescos-8/internal/repositories/localityRepository.go:62.23,64.3 1 0
github.com/sajimenezher_meli/meli-frescos-8/internal/repositories/localityRepository.go:67.2,69.26 3 0
github.com/sajimenezher_meli/meli-frescos-8/internal/repositories/localityRepository.go:69.26,72.17 2 0
github.com/sajimenezher_meli/meli-frescos-8/internal/repositories/localityRepository.go:72.17,74.4 1 0
github.com/sajimenezher_meli/meli-frescos-8/internal/repositories/localityRepository.go:75.3,76.27 2 0
github.com/sajimenezher_meli/meli-frescos-8/internal/repositories/localityRepository.go:77.8,77.23 1 0
github.com/sajimenezher_meli/meli-frescos-8/internal/repositories/localityRepository.go:77.23,79.3 1 0
github.com/sajimenezher_meli/meli-frescos-8/internal/repositories/localityRepository.go:82.2,88.16 3 0
github.com/sajimenezher_meli/meli-frescos-8/internal/repositories/localityRepository.go:88.16,90.3 1 0
github.com/sajimenezher_meli/meli-frescos-8/internal/repositories/localityRepository.go:91.2,91.12 1 0
github.com/sajimenezher_meli/meli-frescos-8/internal/repositories/localityRepository.go:91.12,93.3 1 0
github.com/sajimenezher_meli/meli-frescos-8/internal/repositories/localityRepository.go:96.2,101.16 2 0
github.com/sajimenezher_meli/meli-frescos-8/internal/repositories/localityRepository.go:101.16,103.3 1 0
github.com/sajimenezher_meli/meli-frescos-8/internal/repositories/localityRepository.go:106.2,107.16 2 0
github.com/sajimenezher_meli/meli-frescos-8/internal/repositories/localityRepository.go:107.16,109.3 1 0
github.com/sajimenezher_meli/meli-frescos-8/internal/repositories/localityRepository.go:110.2,112.22 2 0
github.com/sajimenezher_meli/meli-frescos-8/internal/repositories/localityRepository.go:117.129,119.21 1 0
github.com/sajimenezher_meli/meli-frescos-8/internal/repositories/localityRepository.go:119.21,122.17 3 0
github.com/sajimenezher_meli/meli-frescos-8/internal/repositories/localityRepository.go:122.17,124.4 1 0
github.com/sajimenezher_meli/meli-frescos-8/internal/repositories/localityRepository.go:125.3,125.14 1 0
github.com/sajimenezher_meli/meli-frescos-8/internal/repositories/localityRepository.go:125.14,127.4 1 0
github.com/sajimenezher_meli/meli-frescos-8/internal/repositories/localityRepository.go:130.2,137.21 2 0
github.com/sajimenezher_meli/meli-frescos-8/internal/repositories/localityRepository.go:137.21,147.3 1 0
github.com/sajimenezher_meli/meli-frescos-8/internal/repositories/localityRepository.go:147.8,156.3 1 0
github.com/sajimenezher_meli/meli-frescos-8/internal/repositories/localityRepository.go:158.2,158.16 1 0
github.com/sajimenezher_meli/meli-frescos-8/internal/repositories/localityRepository.go:158.16,160.3 1 0
github.com/sajimenezher_meli/meli-frescos-8/internal/repositories/localityRepository.go:161.2,166.18 3 0
github.com/sajimenezher_meli/meli-frescos-8/internal/repositories/localityRepository.go:166.18,168.83 2 0
github.com/sajimenezher_meli/meli-frescos-8/internal/repositories/localityRepository.go:168.83,170.4 1 0
github.com/sajimenezher_meli/meli-frescos-8/internal/repositories/localityRepository.go:171.3,171.31 1 0
github.com/sajimenezher_meli/meli-frescos-8/internal/repositories/localityRepository.go:174.2,174.21 1 0
github.com/sajimenezher_meli/meli-frescos-8/internal/repositories/localityRepository.go:179.94,184.16 4 0
github.com/sajimenezher_meli/meli-frescos-8/internal/repositories/localityRepository.go:184.16,186.3 1 0
github.com/sajimenezher_meli/meli-frescos-8/internal/repositories/localityRepository.go:187.2,187.20 1 0
github.com/sajimenezher_meli/meli-frescos-8/internal/repositories/productBatchRepository.go:15.68,16.43 1 0
github.com/sajimenezher_meli/meli-frescos-8/internal/repositories/productBatchRepository.go:16.43,18.3 1 0
github.com/sajimenezher_meli/meli-frescos-8/internal/repositories/productBatchRepository.go:20.2,24.39 2 0
github.com/sajimenezher_meli/meli-frescos-8/internal/repositories/productBatchRepository.go:52.96,69.16 13 0
github.com/sajimenezher_meli/meli-frescos-8/internal/repositories/productBatchRepository.go:69.16,71.3 1 0
github.com/sajimenezher_meli/meli-frescos-8/internal/repositories/productBatchRepository.go:74.2,75.16 2 0
github.com/sajimenezher_meli/meli-frescos-8/internal/repositories/productBatchRepository.go:75.16,77.3 1 0
github.com/sajimenezher_meli/meli-frescos-8/internal/repositories/productBatchRepository.go:79.2,80.12 2 0
github.com/sajimenezher_meli/meli-frescos-8/internal/repositories/productBatchRepository.go:85.110,89.41 3 0
github.com/sajimenezher_meli/meli-frescos-8/internal/repositories/productBatchRepository.go:89.41,92.3 1 0
github.com/sajimenezher_meli/meli-frescos-8/internal/repositories/productBatchRepository.go:94.2,94.21 1 0
github.com/sajimenezher_meli/meli-frescos-8/internal/repositories/productBatchRepository.go:99.97,103.44 3 0
github.com/sajimenezher_meli/meli-frescos-8/internal/repositories/productBatchRepository.go:103.44,106.3 1 0
github.com/sajimenezher_meli/meli-frescos-8/internal/repositories/productBatchRepository.go:108.2,108.17 1 0
github.com/sajimenezher_meli/meli-frescos-8/internal/repositories/productRecordRepository.go:17.70,18.34 1 0
github.com/sajimenezher_meli/meli-frescos-8/internal/repositories/productRecordRepository.go:18.34,20.3 1 0
github.com/sajimenezher_meli/meli-frescos-8/internal/repositories/productRecordRepository.go:22.2,23.30 2 0
github.com/sajimenezher_meli/meli-frescos-8/internal/repositories/productRecordRepository.go:54.122,61.16 3 0
github.com/sajimenezher_meli/meli-frescos-8/internal/repositories/productRecordRepository.go:61.16,63.3 1 0
github.com/sajimenezher_meli/meli-frescos-8/internal/repositories/productRecordRepository.go:66.2,67.16 2 0
github.com/sajimenezher_meli/meli-frescos-8/internal/repositories/productRecordRepository.go:67.16,69.3 1 0
github.com/sajimenezher_meli/meli-frescos-8/internal/repositories/productRecordRepository.go:72.2,74.16 2 0
github.com/sajimenezher_meli/meli-frescos-8/internal/repositories/productRecordRepository.go:79.126,104.16 4 0
github.com/sajimenezher_meli/meli-frescos-8/internal/repositories/productRecordRepository.go:104.16,106.36 1 0
[...]
github.com/sajimenezher_meli/meli-frescos-8/internal/services/buyerService.go:72.70,74.2 1 3
github.com/sajimenezher_meli/meli-frescos-8/internal/services/buyerService.go:78.94,82.16 2 3
github.com/sajimenezher_meli/meli-frescos-8/internal/services/buyerService.go:82.16,84.3 1 1
github.com/sajimenezher_meli/meli-frescos-8/internal/services/buyerService.go:88.2,88.62 1 2
github.com/sajimenezher_meli/meli-frescos-8/internal/services/buyerService.go:88.62,90.3 1 1
github.com/sajimenezher_meli/meli-frescos-8/internal/services/buyerService.go:94.2,94.40 1 1
github.com/sajimenezher_meli/meli-frescos-8/internal/services/buyerService.go:99.102,103.16 2 3
github.com/sajimenezher_meli/meli-frescos-8/internal/services/buyerService.go:103.16,105.3 1 1
github.com/sajimenezher_meli/meli-frescos-8/internal/services/buyerService.go:109.2,109.62 1 2
github.com/sajimenezher_meli/meli-frescos-8/internal/services/buyerService.go:109.62,111.3 1 1
github.com/sajimenezher_meli/meli-frescos-8/internal/services/buyerService.go:115.2,115.44 1 1
github.com/sajimenezher_meli/meli-frescos-8/internal/services/carry_services.go:17.103,18.33 1 0
github.com/sajimenezher_meli/meli-frescos-8/internal/services/carry_services.go:18.33,20.3 1 0
github.com/sajimenezher_meli/meli-frescos-8/internal/services/carry_services.go:21.2,22.29 2 0
github.com/sajimenezher_meli/meli-frescos-8/internal/services/carry_services.go:46.103,50.16 2 0
github.com/sajimenezher_meli/meli-frescos-8/internal/services/carry_services.go:50.16,52.3 1 0
github.com/sajimenezher_meli/meli-frescos-8/internal/services/carry_services.go:53.2,53.21 1 0
github.com/sajimenezher_meli/meli-frescos-8/internal/services/carry_services.go:53.21,55.3 1 0
github.com/sajimenezher_meli/meli-frescos-8/internal/services/carry_services.go:59.2,60.16 2 0
github.com/sajimenezher_meli/meli-frescos-8/internal/services/carry_services.go:60.16,62.3 1 0
github.com/sajimenezher_meli/meli-frescos-8/internal/services/carry_services.go:63.2,63.12 1 0
github.com/sajimenezher_meli/meli-frescos-8/internal/services/carry_services.go:63.12,65.3 1 0
github.com/sajimenezher_meli/meli-frescos-8/internal/services/carry_services.go:69.2,70.16 2 0
github.com/sajimenezher_meli/meli-frescos-8/internal/services/carry_services.go:70.16,72.3 1 0
github.com/sajimenezher_meli/meli-frescos-8/internal/services/carry_services.go:73.2,73.19 1 0
github.com/sajimenezher_meli/meli-frescos-8/internal/services/carry_services.go:78.131,81.21 1 0
github.com/sajimenezher_meli/meli-frescos-8/internal/services/carry_services.go:81.21,83.17 2 0
github.com/sajimenezher_meli/meli-frescos-8/internal/services/carry_services.go:83.17,85.4 1 0
github.com/sajimenezher_meli/meli-frescos-8/internal/services/carry_services.go:86.3,86.14 1 0
github.com/sajimenezher_meli/meli-frescos-8/internal/services/carry_services.go:86.14,88.4 1 0
github.com/sajimenezher_meli/meli-frescos-8/internal/services/carry_services.go:93.2,94.16 2 0
github.com/sajimenezher_meli/meli-frescos-8/internal/services/carry_services.go:94.16,96.3 1 0
github.com/sajimenezher_meli/meli-frescos-8/internal/services/carry_services.go:97.2,97.21 1 0
github.com/sajimenezher_meli/meli-frescos-8/internal/services/employeeService.go:17.87,18.36 1 0
github.com/sajimenezher_meli/meli-frescos-8/internal/services/employeeService.go:18.36,20.3 1 0
github.com/sajimenezher_meli/meli-frescos-8/internal/services/employeeService.go:21.2,24.32 2 0
github.com/sajimenezher_meli/meli-frescos-8/internal/services/employeeService.go:59.88,62.2 1 0
github.com/sajimenezher_meli/meli-frescos-8/internal/services/employeeService.go:66.89,68.2 1 0
github.com/sajimenezher_meli/meli-frescos-8/internal/services/employeeService.go:72.73,74.2 1 0
github.com/sajimenezher_meli/meli-frescos-8/internal/services/employeeService.go:78.106,82.16 2 0
github.com/sajimenezher_meli/meli-frescos-8/internal/services/employeeService.go:82.16,84.3 1 0
github.com/sajimenezher_meli/meli-frescos-8/internal/services/employeeService.go:88.2,88.65 1 0
github.com/sajimenezher_meli/meli-frescos-8/internal/services/employeeService.go:88.65,90.3 1 0
github.com/sajimenezher_meli/meli-frescos-8/internal/services/employeeService.go:94.2,94.43 1 0
github.com/sajimenezher_meli/meli-frescos-8/internal/services/employeeService.go:99.122,103.16 2 0
github.com/sajimenezher_meli/meli-frescos-8/internal/services/employeeService.go:103.16,105.3 1 0
github.com/sajimenezher_meli/meli-frescos-8/internal/services/employeeService.go:109.2,109.65 1 0
github.com/sajimenezher_meli/meli-frescos-8/internal/services/employeeService.go:109.65,111.3 1 0
github.com/sajimenezher_meli/meli-frescos-8/internal/services/employeeService.go:115.2,115.55 1 0
github.com/sajimenezher_meli/meli-frescos-8/internal/services/inboundOrderService.go:15.166,16.41 1 0
github.com/sajimenezher_meli/meli-frescos-8/internal/services/inboundOrderService.go:16.41,18.3 1 0
github.com/sajimenezher_meli/meli-frescos-8/internal/services/inboundOrderService.go:19.2,23.37 2 0
github.com/sajimenezher_meli/meli-frescos-8/internal/services/inboundOrderService.go:51.117,53.2 1 0
github.com/sajimenezher_meli/meli-frescos-8/internal/services/inboundOrderService.go:57.131,59.2 1 0
github.com/sajimenezher_meli/meli-frescos-8/internal/services/inboundOrderService.go:63.116,66.137 1 0
github.com/sajimenezher_meli/meli-frescos-8/internal/services/inboundOrderService.go:66.137,68.3 1 0
github.com/sajimenezher_meli/meli-frescos-8/internal/services/inboundOrderService.go:72.2,73.16 2 0
github.com/sajimenezher_meli/meli-frescos-8/internal/services/inboundOrderService.go:73.16,75.3 1 0
github.com/sajimenezher_meli/meli-frescos-8/internal/services/inboundOrderService.go:76.2,76.11 1 0
github.com/sajimenezher_meli/meli-frescos-8/internal/services/inboundOrderService.go:76.11,78.3 1 0
github.com/sajimenezher_meli/meli-frescos-8/internal/services/inboundOrderService.go:82.2,83.16 2 0
github.com/sajimenezher_meli/meli-frescos-8/internal/services/inboundOrderService.go:83.16,85.3 1 0
github.com/sajimenezher_meli/meli-frescos-8/internal/services/inboundOrderService.go:86.2,86.21 1 0
github.com/sajimenezher_meli/meli-frescos-8/internal/services/inboundOrderService.go:86.21,88.3 1 0
github.com/sajimenezher_meli/meli-frescos-8/internal/services/inboundOrderService.go:92.2,93.16 2 0
github.com/sajimenezher_meli/meli-frescos-8/internal/services/inboundOrderService.go:93.16,95.3 1 0
github.com/sajimenezher_meli/meli-frescos-8/internal/services/inboundOrderService.go:97.2,97.22 1 0
github.com/sajimenezher_meli/meli-frescos-8/internal/services/localityService.go:15.82,16.36 1 0
github.com/sajimenezher_meli/meli-frescos-8/internal/services/localityService.go:16.36,18.3 1 0
github.com/sajimenezher_meli/meli-frescos-8/internal/services/localityService.go:19.2,20.32 2 0
github.com/sajimenezher_meli/meli-frescos-8/internal/services/localityService.go:43.107,45.2 1 0
github.com/sajimenezher_meli/meli-frescos-8/internal/services/localityService.go:49.118,51.2 1 0
github.com/sajimenezher_meli/meli-frescos-8/internal/services/productBatchService.go:14.99,15.40 1 0
github.com/sajimenezher_meli/meli-frescos-8/internal/services/productBatchService.go:15.40,17.3 1 0
github.com/sajimenezher_meli/meli-frescos-8/internal/services/productBatchService.go:19.2,22.36 2 0
github.com/sajimenezher_meli/meli-frescos-8/internal/services/productBatchService.go:49.93,51.2 1 0
github.com/sajimenezher_meli/meli-frescos-8/internal/services/productBatchService.go:55.94,57.2 1 0
github.com/sajimenezher_meli/meli-frescos-8/internal/services/productBatchService.go:61.107,63.2 1 0
github.com/sajimenezher_meli/meli-frescos-8/internal/services/productRecordService.go:16.133,17.41 1 0
github.com/sajimenezher_meli/meli-frescos-8/internal/services/productRecordService.go:17.41,19.3 1 0
github.com/sajimenezher_meli/meli-frescos-8/internal/services/productRecordService.go:20.2,21.37 2 0
github.com/sajimenezher_meli/meli-frescos-8/internal/services/productRecordService.go:53.142,58.16 2 0
github.com/sajimenezher_meli/meli-frescos-8/internal/services/productRecordService.go:58.16,62.3 1 0
github.com/sajimenezher_meli/meli-frescos-8/internal/services/productRecordService.go:66.2,66.12 1 0
github.com/sajimenezher_meli/meli-frescos-8/internal/services/productRecordService.go:66.12,68.3 1 0
github.com/sajimenezher_meli/meli-frescos-8/internal/services/productRecordService.go:72.2,72.51 1 0
github.com/sajimenezher_meli/meli-frescos-8/internal/services/productRecordService.go:77.123,82.16 2 0
github.com/sajimenezher_meli/meli-frescos-8/internal/services/productRecordService.go:82.16,86.3 1 0
github.com/sajimenezher_meli/meli-frescos-8/internal/services/productRecordService.go:90.2,90.12 1 0
github.com/sajimenezher_meli/meli-frescos-8/internal/services/productRecordService.go:90.12,92.3 1 0
github.com/sajimenezher_meli/meli-frescos-8/internal/services/productRecordService.go:96.2,96.53 1 0
github.com/sajimenezher_meli/meli-frescos-8/internal/services/productRecordService.go:101.104,103.2 1 0
github.com/sajimenezher_meli/meli-frescos-8/internal/services/productRecordService.go:107.93,109.2 1 0
github.com/sajimenezher_meli/meli-frescos-8/internal/services/productService.go:14.73,15.35 1 0
github.com/sajimenezher_meli/meli-frescos-8/internal/services/productService.go:15.35,17.3 1 0
github.com/sajimenezher_meli/meli-frescos-8/internal/services/productService.go:18.2,21.31 2 0
github.com/sajimenezher_meli/meli-frescos-8/internal/services/productService.go:64.73,66.2 1 0
github.com/sajimenezher_meli/meli-frescos-8/internal/services/productService.go:70.82,72.2 1 0
github.com/sajimenezher_meli/meli-frescos-8/internal/services/productService.go:76.98,78.2 1 0
github.com/sajimenezher_meli/meli-frescos-8/internal/services/productService.go:82.107,84.2 1 0
github.com/sajimenezher_meli/meli-frescos-8/internal/services/productService.go:88.111,90.2 1 0
github.com/sajimenezher_meli/meli-frescos-8/internal/services/productService.go:94.63,96.2 1 0
github.com/sajimenezher_meli/meli-frescos-8/internal/services/productService.go:100.74,102.2 1 0
github.com/sajimenezher_meli/meli-frescos-8/internal/services/purchaseOrderService.go:16.225,17.41 1 0
github.com/sajimenezher_meli/meli-frescos-8/internal/services/purchaseOrderService.go:17.41,19.3 1 0
github.com/sajimenezher_meli/meli-frescos-8/internal/services/purchaseOrderService.go:20.2,25.37 2 0
github.com/sajimenezher_meli/meli-frescos-8/internal/services/purchaseOrderService.go:46.98,48.2 1 0
github.com/sajimenezher_meli/meli-frescos-8/internal/services/purchaseOrderService.go:54.124,55.15 1 0
github.com/sajimenezher_meli/meli-frescos-8/internal/services/purchaseOrderService.go:55.15,59.17 3 0
github.com/sajimenezher_meli/meli-frescos-8/internal/services/purchaseOrderService.go:59.17,61.4 1 0
github.com/sajimenezher_meli/meli-frescos-8/internal/services/purchaseOrderService.go:62.3,63.22 2 0
github.com/sajimenezher_meli/meli-frescos-8/internal/services/purchaseOrderService.go:66.2,66.67 1 0
github.com/sajimenezher_meli/meli-frescos-8/internal/services/purchaseOrderService.go:73.118,76.16 2 0
github.com/sajimenezher_meli/meli-frescos-8/internal/services/purchaseOrderService.go:76.16,78.3 1 0
github.com/sajimenezher_meli/meli-frescos-8/internal/services/purchaseOrderService.go:79.2,79.12 1 0
github.com/sajimenezher_meli/meli-frescos-8/internal/services/purchaseOrderService.go:79.12,81.3 1 0
github.com/sajimenezher_meli/meli-frescos-8/internal/services/purchaseOrderService.go:84.2,85.16 2 0
github.com/sajimenezher_meli/meli-frescos-8/internal/services/purchaseOrderService.go:85.16,87.3 1 0
github.com/sajimenezher_meli/meli-frescos-8/internal/services/purchaseOrderService.go:88.2,88.13 1 0
github.com/sajimenezher_meli/meli-frescos-8/internal/services/purchaseOrderService.go:88.13,90.3 1 0
github.com/sajimenezher_meli/meli-frescos-8/internal/services/purchaseOrderService.go:93.2,94.13 2 0
github.com/sajimenezher_meli/meli-frescos-8/internal/services/purchaseOrderService.go:94.13,96.3 1 0
github.com/sajimenezher_meli/meli-frescos-8/internal/services/purchaseOrderService.go:99.2,99.53 1 0
github.com/sajimenezher_meli/meli-frescos-8/internal/services/sectionService.go:15.84,16.35 1 0
github.com/sajimenezher_meli/meli-frescos-8/internal/services/sectionService.go:16.35,18.3 1 0
github.com/sajimenezher_meli/meli-frescos-8/internal/services/sectionService.go:20.2,23.31 2 0
github.com/sajimenezher_meli/meli-frescos-8/internal/services/sectionService.go:46.81,48.2 1 0
github.com/sajimenezher_meli/meli-frescos-8/internal/services/sectionService.go:52.88,53.61 1 0
github.com/sajimenezher_meli/meli-frescos-8/internal/services/sectionService.go:53.61,55.3 1 0
github.com/sajimenezher_meli/meli-frescos-8/internal/services/sectionService.go:55.8,57.3 1 0
github.com/sajimenezher_meli/meli-frescos-8/internal/services/sectionService.go:62.83,64.2 1 0
github.com/sajimenezher_meli/meli-frescos-8/internal/services/sectionService.go:68.83,70.2 1 0
github.com/sajimenezher_meli/meli-frescos-8/internal/services/sectionService.go:74.72,75.57 1 0
github.com/sajimenezher_meli/meli-frescos-8/internal/services/sectionService.go:75.57,77.3 1 0
github.com/sajimenezher_meli/meli-frescos-8/internal/services/sectionService.go:78.2,78.12 1 0
github.com/sajimenezher_meli/meli-frescos-8/internal/services/sectionService.go:83.72,85.2 1 0
github.com/sajimenezher_meli/meli-frescos-8/internal/services/sectionService.go:89.106,91.2 1 0
github.com/sajimenezher_meli/meli-frescos-8/internal/services/sellerService.go:13.77,14.34 1 0
github.com/sajimenezher_meli/meli-frescos-8/internal/services/sellerService.go:14.34,16.3 1 0
github.com/sajimenezher_meli/meli-frescos-8/internal/services/sellerService.go:17.2,20.30 2 0
github.com/sajimenezher_meli/meli-frescos-8/internal/services/sellerService.go:41.63,44.2 2 0
github.com/sajimenezher_meli/meli-frescos-8/internal/services/sellerService.go:50.68,53.16 2 0
github.com/sajimenezher_meli/meli-frescos-8/internal/services/sellerService.go:53.16,55.3 1 0
github.com/sajimenezher_meli/meli-frescos-8/internal/services/sellerService.go:58.2,58.33 1 0
github.com/sajimenezher_meli/meli-frescos-8/internal/services/sellerService.go:58.33,59.22 1 0
github.com/sajimenezher_meli/meli-frescos-8/internal/services/sellerService.go:59.22,61.4 1 0
github.com/sajimenezher_meli/meli-frescos-8/internal/services/sellerService.go:65.2,65.51 1 0
github.com/sajimenezher_meli/meli-frescos-8/internal/services/sellerService.go:70.81,73.2 2 0
github.com/sajimenezher_meli/meli-frescos-8/internal/services/sellerService.go:77.91,80.2 2 0
github.com/sajimenezher_meli/meli-frescos-8/internal/services/sellerService.go:84.50,87.2 2 0
github.com/sajimenezher_meli/meli-frescos-8/internal/services/warehouse_service.go:16.97,17.37 1 0
github.com/sajimenezher_meli/meli-frescos-8/internal/services/warehouse_service.go:17.37,19.3 1 0
github.com/sajimenezher_meli/meli-frescos-8/internal/services/warehouse_service.go:20.2,21.33 2 0
github.com/sajimenezher_meli/meli-frescos-8/internal/services/warehouse_service.go:43.88,45.2 1 0
github.com/sajimenezher_meli/meli-frescos-8/internal/services/warehouse_service.go:49.114,51.2 1 0
github.com/sajimenezher_meli/meli-frescos-8/internal/services/warehouse_service.go:57.95,60.16 2 0
github.com/sajimenezher_meli/meli-frescos-8/internal/services/warehouse_service.go:60.16,62.3 1 0
github.com/sajimenezher_meli/meli-frescos-8/internal/services/warehouse_service.go:65.2,65.12 1 0
github.com/sajimenezher_meli/meli-frescos-8/internal/services/warehouse_service.go:65.12,67.3 1 0
github.com/sajimenezher_meli/meli-frescos-8/internal/services/warehouse_service.go:69.2,69.12 1 0
github.com/sajimenezher_meli/meli-frescos-8/internal/services/warehouse_service.go:74.95,76.2 1 0
github.com/sajimenezher_meli/meli-frescos-8/internal/services/warehouse_service.go:80.74,82.2 1 0
github.com/sajimenezher_meli/meli-frescos-8/internal/services/warehouse_service.go:88.122,91.16 2 0
github.com/sajimenezher_meli/meli-frescos-8/internal/services/warehouse_service.go:91.16,93.3 1 0
github.com/sajimenezher_meli/meli-frescos-8/internal/services/warehouse_service.go:96.2,96.63 1 0
github.com/sajimenezher_meli/meli-frescos-8/internal/services/warehouse_service.go:96.63,97.80 1 0
github.com/sajimenezher_meli/meli-frescos-8/internal/services/warehouse_service.go:97.80,99.4 1 0
github.com/sajimenezher_meli/meli-frescos-8/internal/services/warehouse_service.go:103.2,103.57 1 0
github.com/sajimenezher_meli/meli-frescos-8/internal/validations/ProductRecordValidation.go:11.60,13.2 1 0
github.com/sajimenezher_meli/meli-frescos-8/internal/validations/ProductRecordValidation.go:15.109,22.2 1 0
github.com/sajimenezher_meli/meli-frescos-8/internal/validations/buyerValidations.go:12.64,18.2 1 5
github.com/sajimenezher_meli/meli-frescos-8/internal/validations/buyerValidations.go:22.55,23.67 1 5
github.com/sajimenezher_meli/meli-frescos-8/internal/validations/buyerValidations.go:23.67,25.3 1 4
github.com/sajimenezher_meli/meli-frescos-8/internal/validations/buyerValidations.go:26.2,26.91 1 1
github.com/sajimenezher_meli/meli-frescos-8/internal/validations/carry_validation.go:8.64,16.2 1 0
github.com/sajimenezher_meli/meli-frescos-8/internal/validations/employeeValidatioin.go:12.50,14.2 1 0
github.com/sajimenezher_meli/meli-frescos-8/internal/validations/employeeValidatioin.go:16.70,23.2 1 0
github.com/sajimenezher_meli/meli-frescos-8/internal/validations/employeeValidatioin.go:25.61,26.67 1 0
github.com/sajimenezher_meli/meli-frescos-8/internal/validations/employeeValidatioin.go:26.67,28.3 1 0
github.com/sajimenezher_meli/meli-frescos-8/internal/validations/employeeValidatioin.go:29.2,29.91 1 0
github.com/sajimenezher_meli/meli-frescos-8/internal/validations/inboundOrderValidations.go:13.78,14.43 1 0
github.com/sajimenezher_meli/meli-frescos-8/internal/validations/inboundOrderValidations.go:14.43,17.46 3 0
github.com/sajimenezher_meli/meli-frescos-8/internal/validations/inboundOrderValidations.go:17.46,19.4 1 0
github.com/sajimenezher_meli/meli-frescos-8/internal/validations/inboundOrderValidations.go:21.3,21.112 1 0
github.com/sajimenezher_meli/meli-frescos-8/internal/validations/inboundOrderValidations.go:24.2,30.3 1 0
github.com/sajimenezher_meli/meli-frescos-8/internal/validations/inboundOrderValidations.go:33.76,39.2 1 0
github.com/sajimenezher_meli/meli-frescos-8/internal/validations/localityValidations.go:8.61,14.2 1 0
github.com/sajimenezher_meli/meli-frescos-8/internal/validations/productBatchValidations.go:8.58,10.2 1 0
github.com/sajimenezher_meli/meli-frescos-8/internal/validations/productBatchValidations.go:14.104,27.2 1 0
github.com/sajimenezher_meli/meli-frescos-8/internal/validations/productValidation.go:11.48,13.2 1 0
github.com/sajimenezher_meli/meli-frescos-8/internal/validations/productValidation.go:15.90,29.2 1 0
github.com/sajimenezher_meli/meli-frescos-8/internal/validations/purchaseOrderValidations.go:14.80,15.44 1 0
github.com/sajimenezher_meli/meli-frescos-8/internal/validations/purchaseOrderValidations.go:15.44,18.46 3 0
github.com/sajimenezher_meli/meli-frescos-8/internal/validations/purchaseOrderValidations.go:18.46,20.4 1 0
github.com/sajimenezher_meli/meli-frescos-8/internal/validations/purchaseOrderValidations.go:22.3,22.113 1 0
github.com/sajimenezher_meli/meli-frescos-8/internal/validations/purchaseOrderValidations.go:26.2,32.3 1 0
github.com/sajimenezher_meli/meli-frescos-8/internal/validations/purchaseOrderValidations.go:35.78,41.2 1 0
github.com/sajimenezher_meli/meli-frescos-8/internal/validations/sectionValidation.go:8.48,10.2 1 0
github.com/sajimenezher_meli/meli-frescos-8/internal/validations/sectionValidation.go:15.90,26.2 1 0
github.com/sajimenezher_meli/meli-frescos-8/internal/validations/sellerValidation.go:6.66,13.2 1 0
github.com/sajimenezher_meli/meli-frescos-8/internal/validations/warehouse_validation.go:8.72,17.2 1 0
github.com/sajimenezher_meli/meli-frescos-8/internal/validations/warehouse_validation.go:19.76,27.2 1 0
